{"meta": {"format": 3, "version": "7.10.7", "timestamp": "2025-09-23T15:05:04.756424", "branch_coverage": true, "show_contexts": false}, "files": {"src/opengovzoning/__init__.py": {"executed_lines": [1, 3, 5, 6, 7, 8, 11, 13], "summary": {"covered_lines": 7, "num_statements": 7, "percent_covered": 100.0, "percent_covered_display": "100", "missing_lines": 0, "excluded_lines": 0, "num_branches": 0, "num_partial_branches": 0, "covered_branches": 0, "missing_branches": 0}, "missing_lines": [], "excluded_lines": [], "executed_branches": [], "missing_branches": [], "functions": {"": {"executed_lines": [1, 3, 5, 6, 7, 8, 11, 13], "summary": {"covered_lines": 7, "num_statements": 7, "percent_covered": 100.0, "percent_covered_display": "100", "missing_lines": 0, "excluded_lines": 0, "num_branches": 0, "num_partial_branches": 0, "covered_branches": 0, "missing_branches": 0}, "missing_lines": [], "excluded_lines": [], "executed_branches": [], "missing_branches": []}}, "classes": {"": {"executed_lines": [1, 3, 5, 6, 7, 8, 11, 13], "summary": {"covered_lines": 7, "num_statements": 7, "percent_covered": 100.0, "percent_covered_display": "100", "missing_lines": 0, "excluded_lines": 0, "num_branches": 0, "num_partial_branches": 0, "covered_branches": 0, "missing_branches": 0}, "missing_lines": [], "excluded_lines": [], "executed_branches": [], "missing_branches": []}}}, "src/opengovzoning/__pycache__/__init__.py": {"executed_lines": [], "summary": {"covered_lines": 0, "num_statements": 0, "percent_covered": 100.0, "percent_covered_display": "100", "missing_lines": 0, "excluded_lines": 0, "num_branches": 0, "num_partial_branches": 0, "covered_branches": 0, "missing_branches": 0}, "missing_lines": [], "excluded_lines": [], "executed_branches": [], "missing_branches": [], "functions": {"": {"executed_lines": [], "summary": {"covered_lines": 0, "num_statements": 0, "percent_covered": 100.0, "percent_covered_display": "100", "missing_lines": 0, "excluded_lines": 0, "num_branches": 0, "num_partial_branches": 0, "covered_branches": 0, "missing_branches": 0}, "missing_lines": [], "excluded_lines": [], "executed_branches": [], "missing_branches": []}}, "classes": {"": {"executed_lines": [], "summary": {"covered_lines": 0, "num_statements": 0, "percent_covered": 100.0, "percent_covered_display": "100", "missing_lines": 0, "excluded_lines": 0, "num_branches": 0, "num_partial_branches": 0, "covered_branches": 0, "missing_branches": 0}, "missing_lines": [], "excluded_lines": [], "executed_branches": [], "missing_branches": []}}}, "src/opengovzoning/agents/__init__.py": {"executed_lines": [], "summary": {"covered_lines": 0, "num_statements": 0, "percent_covered": 100.0, "percent_covered_display": "100", "missing_lines": 0, "excluded_lines": 0, "num_branches": 0, "num_partial_branches": 0, "covered_branches": 0, "missing_branches": 0}, "missing_lines": [], "excluded_lines": [], "executed_branches": [], "missing_branches": [], "functions": {"": {"executed_lines": [], "summary": {"covered_lines": 0, "num_statements": 0, "percent_covered": 100.0, "percent_covered_display": "100", "missing_lines": 0, "excluded_lines": 0, "num_branches": 0, "num_partial_branches": 0, "covered_branches": 0, "missing_branches": 0}, "missing_lines": [], "excluded_lines": [], "executed_branches": [], "missing_branches": []}}, "classes": {"": {"executed_lines": [], "summary": {"covered_lines": 0, "num_statements": 0, "percent_covered": 100.0, "percent_covered_display": "100", "missing_lines": 0, "excluded_lines": 0, "num_branches": 0, "num_partial_branches": 0, "covered_branches": 0, "missing_branches": 0}, "missing_lines": [], "excluded_lines": [], "executed_branches": [], "missing_branches": []}}}, "src/opengovzoning/api/__init__.py": {"executed_lines": [], "summary": {"covered_lines": 0, "num_statements": 0, "percent_covered": 100.0, "percent_covered_display": "100", "missing_lines": 0, "excluded_lines": 0, "num_branches": 0, "num_partial_branches": 0, "covered_branches": 0, "missing_branches": 0}, "missing_lines": [], "excluded_lines": [], "executed_branches": [], "missing_branches": [], "functions": {"": {"executed_lines": [], "summary": {"covered_lines": 0, "num_statements": 0, "percent_covered": 100.0, "percent_covered_display": "100", "missing_lines": 0, "excluded_lines": 0, "num_branches": 0, "num_partial_branches": 0, "covered_branches": 0, "missing_branches": 0}, "missing_lines": [], "excluded_lines": [], "executed_branches": [], "missing_branches": []}}, "classes": {"": {"executed_lines": [], "summary": {"covered_lines": 0, "num_statements": 0, "percent_covered": 100.0, "percent_covered_display": "100", "missing_lines": 0, "excluded_lines": 0, "num_branches": 0, "num_partial_branches": 0, "covered_branches": 0, "missing_branches": 0}, "missing_lines": [], "excluded_lines": [], "executed_branches": [], "missing_branches": []}}}, "src/opengovzoning/api/dependencies/__init__.py": {"executed_lines": [], "summary": {"covered_lines": 0, "num_statements": 0, "percent_covered": 100.0, "percent_covered_display": "100", "missing_lines": 0, "excluded_lines": 0, "num_branches": 0, "num_partial_branches": 0, "covered_branches": 0, "missing_branches": 0}, "missing_lines": [], "excluded_lines": [], "executed_branches": [], "missing_branches": [], "functions": {"": {"executed_lines": [], "summary": {"covered_lines": 0, "num_statements": 0, "percent_covered": 100.0, "percent_covered_display": "100", "missing_lines": 0, "excluded_lines": 0, "num_branches": 0, "num_partial_branches": 0, "covered_branches": 0, "missing_branches": 0}, "missing_lines": [], "excluded_lines": [], "executed_branches": [], "missing_branches": []}}, "classes": {"": {"executed_lines": [], "summary": {"covered_lines": 0, "num_statements": 0, "percent_covered": 100.0, "percent_covered_display": "100", "missing_lines": 0, "excluded_lines": 0, "num_branches": 0, "num_partial_branches": 0, "covered_branches": 0, "missing_branches": 0}, "missing_lines": [], "excluded_lines": [], "executed_branches": [], "missing_branches": []}}}, "src/opengovzoning/api/routers/__init__.py": {"executed_lines": [], "summary": {"covered_lines": 0, "num_statements": 0, "percent_covered": 100.0, "percent_covered_display": "100", "missing_lines": 0, "excluded_lines": 0, "num_branches": 0, "num_partial_branches": 0, "covered_branches": 0, "missing_branches": 0}, "missing_lines": [], "excluded_lines": [], "executed_branches": [], "missing_branches": [], "functions": {"": {"executed_lines": [], "summary": {"covered_lines": 0, "num_statements": 0, "percent_covered": 100.0, "percent_covered_display": "100", "missing_lines": 0, "excluded_lines": 0, "num_branches": 0, "num_partial_branches": 0, "covered_branches": 0, "missing_branches": 0}, "missing_lines": [], "excluded_lines": [], "executed_branches": [], "missing_branches": []}}, "classes": {"": {"executed_lines": [], "summary": {"covered_lines": 0, "num_statements": 0, "percent_covered": 100.0, "percent_covered_display": "100", "missing_lines": 0, "excluded_lines": 0, "num_branches": 0, "num_partial_branches": 0, "covered_branches": 0, "missing_branches": 0}, "missing_lines": [], "excluded_lines": [], "executed_branches": [], "missing_branches": []}}}, "src/opengovzoning/api/v1/__init__.py": {"executed_lines": [], "summary": {"covered_lines": 0, "num_statements": 0, "percent_covered": 100.0, "percent_covered_display": "100", "missing_lines": 0, "excluded_lines": 0, "num_branches": 0, "num_partial_branches": 0, "covered_branches": 0, "missing_branches": 0}, "missing_lines": [], "excluded_lines": [], "executed_branches": [], "missing_branches": [], "functions": {"": {"executed_lines": [], "summary": {"covered_lines": 0, "num_statements": 0, "percent_covered": 100.0, "percent_covered_display": "100", "missing_lines": 0, "excluded_lines": 0, "num_branches": 0, "num_partial_branches": 0, "covered_branches": 0, "missing_branches": 0}, "missing_lines": [], "excluded_lines": [], "executed_branches": [], "missing_branches": []}}, "classes": {"": {"executed_lines": [], "summary": {"covered_lines": 0, "num_statements": 0, "percent_covered": 100.0, "percent_covered_display": "100", "missing_lines": 0, "excluded_lines": 0, "num_branches": 0, "num_partial_branches": 0, "covered_branches": 0, "missing_branches": 0}, "missing_lines": [], "excluded_lines": [], "executed_branches": [], "missing_branches": []}}}, "src/opengovzoning/cli.py": {"executed_lines": [], "summary": {"covered_lines": 0, "num_statements": 273, "percent_covered": 0.0, "percent_covered_display": "0", "missing_lines": 273, "excluded_lines": 2, "num_branches": 56, "num_partial_branches": 0, "covered_branches": 0, "missing_branches": 56}, "missing_lines": [3, 4, 5, 6, 7, 8, 10, 11, 12, 13, 15, 16, 17, 18, 19, 20, 21, 24, 25, 28, 35, 36, 37, 38, 39, 40, 41, 42, 43, 44, 47, 48, 54, 55, 56, 58, 59, 62, 63, 65, 66, 70, 71, 72, 74, 75, 76, 77, 78, 79, 81, 82, 85, 86, 92, 93, 94, 95, 96, 98, 103, 105, 107, 108, 111, 113, 114, 115, 117, 118, 119, 120, 123, 124, 129, 130, 131, 132, 134, 135, 137, 167, 169, 170, 171, 173, 174, 175, 176, 177, 179, 181, 182, 185, 186, 190, 192, 197, 199, 200, 201, 202, 203, 205, 206, 207, 208, 211, 212, 214, 215, 217, 222, 224, 225, 226, 227, 228, 230, 231, 232, 233, 236, 237, 243, 244, 245, 246, 248, 253, 255, 257, 280, 282, 283, 285, 286, 287, 289, 290, 291, 292, 293, 295, 297, 298, 299, 300, 303, 304, 310, 311, 312, 313, 315, 316, 317, 319, 321, 322, 324, 325, 326, 328, 330, 331, 332, 335, 336, 338, 339, 340, 344, 345, 352, 353, 354, 356, 357, 358, 365, 366, 367, 368, 369, 375, 376, 380, 381, 383, 384, 385, 386, 387, 388, 389, 390, 392, 394, 395, 396, 397, 398, 399, 400, 401, 402, 403, 404, 405, 406, 408, 410, 412, 413, 414, 415, 416, 417, 419, 421, 422, 423, 424, 425, 426, 427, 428, 430, 432, 433, 434, 435, 436, 438, 440, 441, 442, 443, 444, 446, 448, 449, 450, 451, 453, 455, 456, 457, 458, 460, 462, 463, 464, 465, 466, 468, 470, 471, 472, 474, 476, 477, 478, 479, 480, 482, 484, 485, 486, 487, 488, 489], "excluded_lines": [492, 493], "executed_branches": [], "missing_branches": [[54, 55], [54, 58], [58, -47], [58, 59], [173, 174], [173, 179], [174, 173], [174, 175], [175, 176], [175, 177], [282, 283], [282, 285], [289, 290], [289, 295], [290, 289], [290, 291], [291, 292], [291, 293], [321, 322], [321, 324], [394, 395], [394, 396], [396, 397], [396, 398], [398, 399], [398, 400], [400, 401], [400, 402], [402, 403], [402, 404], [404, 405], [404, 408], [421, 422], [421, 423], [423, 424], [423, 425], [425, 426], [425, 427], [427, -410], [427, 428], [440, 441], [440, 443], [443, -430], [443, 444], [455, 456], [455, 457], [457, -446], [457, 458], [470, -460], [470, 471], [484, 485], [484, 486], [486, 487], [486, 488], [488, -474], [488, 489]], "functions": {"callback": {"executed_lines": [], "summary": {"covered_lines": 0, "num_statements": 5, "percent_covered": 0.0, "percent_covered_display": "0", "missing_lines": 5, "excluded_lines": 0, "num_branches": 4, "num_partial_branches": 0, "covered_branches": 0, "missing_branches": 4}, "missing_lines": [54, 55, 56, 58, 59], "excluded_lines": [], "executed_branches": [], "missing_branches": [[54, 55], [54, 58], [58, -47], [58, 59]]}, "interactive_menu": {"executed_lines": [], "summary": {"covered_lines": 0, "num_statements": 25, "percent_covered": 0.0, "percent_covered_display": "0", "missing_lines": 25, "excluded_lines": 0, "num_branches": 12, "num_partial_branches": 0, "covered_branches": 0, "missing_branches": 12}, "missing_lines": [380, 381, 383, 384, 385, 386, 387, 388, 389, 390, 392, 394, 395, 396, 397, 398, 399, 400, 401, 402, 403, 404, 405, 406, 408], "excluded_lines": [], "executed_branches": [], "missing_branches": [[394, 395], [394, 396], [396, 397], [396, 398], [398, 399], [398, 400], [400, 401], [400, 402], [402, 403], [402, 404], [404, 405], [404, 408]]}, "agent_run": {"executed_lines": [], "summary": {"covered_lines": 0, "num_statements": 18, "percent_covered": 0.0, "percent_covered_display": "0", "missing_lines": 18, "excluded_lines": 0, "num_branches": 0, "num_partial_branches": 0, "covered_branches": 0, "missing_branches": 0}, "missing_lines": [92, 93, 94, 95, 96, 98, 103, 105, 107, 108, 111, 113, 114, 115, 117, 118, 119, 120], "excluded_lines": [], "executed_branches": [], "missing_branches": []}, "agent_extract": {"executed_lines": [], "summary": {"covered_lines": 0, "num_statements": 19, "percent_covered": 0.0, "percent_covered_display": "0", "missing_lines": 19, "excluded_lines": 0, "num_branches": 6, "num_partial_branches": 0, "covered_branches": 0, "missing_branches": 6}, "missing_lines": [129, 130, 131, 132, 134, 135, 137, 167, 169, 170, 171, 173, 174, 175, 176, 177, 179, 181, 182], "excluded_lines": [], "executed_branches": [], "missing_branches": [[173, 174], [173, 179], [174, 173], [174, 175], [175, 176], [175, 177]]}, "db_init": {"executed_lines": [], "summary": {"covered_lines": 0, "num_statements": 12, "percent_covered": 0.0, "percent_covered_display": "0", "missing_lines": 12, "excluded_lines": 0, "num_branches": 0, "num_partial_branches": 0, "covered_branches": 0, "missing_branches": 0}, "missing_lines": [190, 192, 197, 199, 200, 201, 202, 203, 205, 206, 207, 208], "excluded_lines": [], "executed_branches": [], "missing_branches": []}, "db_seed": {"executed_lines": [], "summary": {"covered_lines": 0, "num_statements": 13, "percent_covered": 0.0, "percent_covered_display": "0", "missing_lines": 13, "excluded_lines": 0, "num_branches": 0, "num_partial_branches": 0, "covered_branches": 0, "missing_branches": 0}, "missing_lines": [214, 215, 217, 222, 224, 225, 226, 227, 228, 230, 231, 232, 233], "excluded_lines": [], "executed_branches": [], "missing_branches": []}, "query_jurisdiction": {"executed_lines": [], "summary": {"covered_lines": 0, "num_statements": 24, "percent_covered": 0.0, "percent_covered_display": "0", "missing_lines": 24, "excluded_lines": 0, "num_branches": 8, "num_partial_branches": 0, "covered_branches": 0, "missing_branches": 8}, "missing_lines": [243, 244, 245, 246, 248, 253, 255, 257, 280, 282, 283, 285, 286, 287, 289, 290, 291, 292, 293, 295, 297, 298, 299, 300], "excluded_lines": [], "executed_branches": [], "missing_branches": [[282, 283], [282, 285], [289, 290], [289, 295], [290, 289], [290, 291], [291, 292], [291, 293]]}, "serve_datasette": {"executed_lines": [], "summary": {"covered_lines": 0, "num_statements": 17, "percent_covered": 0.0, "percent_covered_display": "0", "missing_lines": 17, "excluded_lines": 0, "num_branches": 2, "num_partial_branches": 0, "covered_branches": 0, "missing_branches": 2}, "missing_lines": [310, 311, 312, 313, 315, 316, 317, 319, 321, 322, 324, 325, 326, 328, 330, 331, 332], "excluded_lines": [], "executed_branches": [], "missing_branches": [[321, 322], [321, 324]]}, "show_version": {"executed_lines": [], "summary": {"covered_lines": 0, "num_statements": 3, "percent_covered": 0.0, "percent_covered_display": "0", "missing_lines": 3, "excluded_lines": 0, "num_branches": 0, "num_partial_branches": 0, "covered_branches": 0, "missing_branches": 0}, "missing_lines": [338, 339, 340], "excluded_lines": [], "executed_branches": [], "missing_branches": []}, "serve_api": {"executed_lines": [], "summary": {"covered_lines": 0, "num_statements": 11, "percent_covered": 0.0, "percent_covered_display": "0", "missing_lines": 11, "excluded_lines": 0, "num_branches": 0, "num_partial_branches": 0, "covered_branches": 0, "missing_branches": 0}, "missing_lines": [352, 353, 354, 356, 357, 358, 365, 366, 367, 368, 369], "excluded_lines": [], "executed_branches": [], "missing_branches": []}, "db_submenu": {"executed_lines": [], "summary": {"covered_lines": 0, "num_statements": 15, "percent_covered": 0.0, "percent_covered_display": "0", "missing_lines": 15, "excluded_lines": 0, "num_branches": 8, "num_partial_branches": 0, "covered_branches": 0, "missing_branches": 8}, "missing_lines": [412, 413, 414, 415, 416, 417, 419, 421, 422, 423, 424, 425, 426, 427, 428], "excluded_lines": [], "executed_branches": [], "missing_branches": [[421, 422], [421, 423], [423, 424], [423, 425], [425, 426], [425, 427], [427, -410], [427, 428]]}, "ai_submenu": {"executed_lines": [], "summary": {"covered_lines": 0, "num_statements": 11, "percent_covered": 0.0, "percent_covered_display": "0", "missing_lines": 11, "excluded_lines": 0, "num_branches": 4, "num_partial_branches": 0, "covered_branches": 0, "missing_branches": 4}, "missing_lines": [432, 433, 434, 435, 436, 438, 440, 441, 442, 443, 444], "excluded_lines": [], "executed_branches": [], "missing_branches": [[440, 441], [440, 443], [443, -430], [443, 444]]}, "web_submenu": {"executed_lines": [], "summary": {"covered_lines": 0, "num_statements": 9, "percent_covered": 0.0, "percent_covered_display": "0", "missing_lines": 9, "excluded_lines": 0, "num_branches": 4, "num_partial_branches": 0, "covered_branches": 0, "missing_branches": 4}, "missing_lines": [448, 449, 450, 451, 453, 455, 456, 457, 458], "excluded_lines": [], "executed_branches": [], "missing_branches": [[455, 456], [455, 457], [457, -446], [457, 458]]}, "export_submenu": {"executed_lines": [], "summary": {"covered_lines": 0, "num_statements": 9, "percent_covered": 0.0, "percent_covered_display": "0", "missing_lines": 9, "excluded_lines": 0, "num_branches": 2, "num_partial_branches": 0, "covered_branches": 0, "missing_branches": 2}, "missing_lines": [462, 463, 464, 465, 466, 468, 470, 471, 472], "excluded_lines": [], "executed_branches": [], "missing_branches": [[470, -460], [470, 471]]}, "status_submenu": {"executed_lines": [], "summary": {"covered_lines": 0, "num_statements": 12, "percent_covered": 0.0, "percent_covered_display": "0", "missing_lines": 12, "excluded_lines": 0, "num_branches": 6, "num_partial_branches": 0, "covered_branches": 0, "missing_branches": 6}, "missing_lines": [476, 477, 478, 479, 480, 482, 484, 485, 486, 487, 488, 489], "excluded_lines": [], "executed_branches": [], "missing_branches": [[484, 485], [484, 486], [486, 487], [486, 488], [488, -474], [488, 489]]}, "": {"executed_lines": [], "summary": {"covered_lines": 0, "num_statements": 57, "percent_covered": 0.0, "percent_covered_display": "0", "missing_lines": 57, "excluded_lines": 2, "num_branches": 0, "num_partial_branches": 0, "covered_branches": 0, "missing_branches": 0}, "missing_lines": [3, 4, 5, 6, 7, 8, 10, 11, 12, 13, 15, 16, 17, 18, 19, 20, 21, 24, 25, 28, 35, 36, 37, 38, 39, 40, 41, 42, 43, 44, 47, 48, 62, 63, 85, 86, 123, 124, 185, 186, 211, 212, 236, 237, 303, 304, 335, 336, 344, 345, 375, 376, 410, 430, 446, 460, 474], "excluded_lines": [492, 493], "executed_branches": [], "missing_branches": []}}, "classes": {"": {"executed_lines": [], "summary": {"covered_lines": 0, "num_statements": 273, "percent_covered": 0.0, "percent_covered_display": "0", "missing_lines": 273, "excluded_lines": 2, "num_branches": 56, "num_partial_branches": 0, "covered_branches": 0, "missing_branches": 56}, "missing_lines": [3, 4, 5, 6, 7, 8, 10, 11, 12, 13, 15, 16, 17, 18, 19, 20, 21, 24, 25, 28, 35, 36, 37, 38, 39, 40, 41, 42, 43, 44, 47, 48, 54, 55, 56, 58, 59, 62, 63, 65, 66, 70, 71, 72, 74, 75, 76, 77, 78, 79, 81, 82, 85, 86, 92, 93, 94, 95, 96, 98, 103, 105, 107, 108, 111, 113, 114, 115, 117, 118, 119, 120, 123, 124, 129, 130, 131, 132, 134, 135, 137, 167, 169, 170, 171, 173, 174, 175, 176, 177, 179, 181, 182, 185, 186, 190, 192, 197, 199, 200, 201, 202, 203, 205, 206, 207, 208, 211, 212, 214, 215, 217, 222, 224, 225, 226, 227, 228, 230, 231, 232, 233, 236, 237, 243, 244, 245, 246, 248, 253, 255, 257, 280, 282, 283, 285, 286, 287, 289, 290, 291, 292, 293, 295, 297, 298, 299, 300, 303, 304, 310, 311, 312, 313, 315, 316, 317, 319, 321, 322, 324, 325, 326, 328, 330, 331, 332, 335, 336, 338, 339, 340, 344, 345, 352, 353, 354, 356, 357, 358, 365, 366, 367, 368, 369, 375, 376, 380, 381, 383, 384, 385, 386, 387, 388, 389, 390, 392, 394, 395, 396, 397, 398, 399, 400, 401, 402, 403, 404, 405, 406, 408, 410, 412, 413, 414, 415, 416, 417, 419, 421, 422, 423, 424, 425, 426, 427, 428, 430, 432, 433, 434, 435, 436, 438, 440, 441, 442, 443, 444, 446, 448, 449, 450, 451, 453, 455, 456, 457, 458, 460, 462, 463, 464, 465, 466, 468, 470, 471, 472, 474, 476, 477, 478, 479, 480, 482, 484, 485, 486, 487, 488, 489], "excluded_lines": [492, 493], "executed_branches": [], "missing_branches": [[54, 55], [54, 58], [58, -47], [58, 59], [173, 174], [173, 179], [174, 173], [174, 175], [175, 176], [175, 177], [282, 283], [282, 285], [289, 290], [289, 295], [290, 289], [290, 291], [291, 292], [291, 293], [321, 322], [321, 324], [394, 395], [394, 396], [396, 397], [396, 398], [398, 399], [398, 400], [400, 401], [400, 402], [402, 403], [402, 404], [404, 405], [404, 408], [421, 422], [421, 423], [423, 424], [423, 425], [425, 426], [425, 427], [427, -410], [427, 428], [440, 441], [440, 443], [443, -430], [443, 444], [455, 456], [455, 457], [457, -446], [457, 458], [470, -460], [470, 471], [484, 485], [484, 486], [486, 487], [486, 488], [488, -474], [488, 489]]}}}, "src/opengovzoning/cli/__init__.py": {"executed_lines": [], "summary": {"covered_lines": 0, "num_statements": 0, "percent_covered": 100.0, "percent_covered_display": "100", "missing_lines": 0, "excluded_lines": 0, "num_branches": 0, "num_partial_branches": 0, "covered_branches": 0, "missing_branches": 0}, "missing_lines": [], "excluded_lines": [], "executed_branches": [], "missing_branches": [], "functions": {"": {"executed_lines": [], "summary": {"covered_lines": 0, "num_statements": 0, "percent_covered": 100.0, "percent_covered_display": "100", "missing_lines": 0, "excluded_lines": 0, "num_branches": 0, "num_partial_branches": 0, "covered_branches": 0, "missing_branches": 0}, "missing_lines": [], "excluded_lines": [], "executed_branches": [], "missing_branches": []}}, "classes": {"": {"executed_lines": [], "summary": {"covered_lines": 0, "num_statements": 0, "percent_covered": 100.0, "percent_covered_display": "100", "missing_lines": 0, "excluded_lines": 0, "num_branches": 0, "num_partial_branches": 0, "covered_branches": 0, "missing_branches": 0}, "missing_lines": [], "excluded_lines": [], "executed_branches": [], "missing_branches": []}}}, "src/opengovzoning/constants/__init__.py": {"executed_lines": [], "summary": {"covered_lines": 0, "num_statements": 0, "percent_covered": 100.0, "percent_covered_display": "100", "missing_lines": 0, "excluded_lines": 0, "num_branches": 0, "num_partial_branches": 0, "covered_branches": 0, "missing_branches": 0}, "missing_lines": [], "excluded_lines": [], "executed_branches": [], "missing_branches": [], "functions": {"": {"executed_lines": [], "summary": {"covered_lines": 0, "num_statements": 0, "percent_covered": 100.0, "percent_covered_display": "100", "missing_lines": 0, "excluded_lines": 0, "num_branches": 0, "num_partial_branches": 0, "covered_branches": 0, "missing_branches": 0}, "missing_lines": [], "excluded_lines": [], "executed_branches": [], "missing_branches": []}}, "classes": {"": {"executed_lines": [], "summary": {"covered_lines": 0, "num_statements": 0, "percent_covered": 100.0, "percent_covered_display": "100", "missing_lines": 0, "excluded_lines": 0, "num_branches": 0, "num_partial_branches": 0, "covered_branches": 0, "missing_branches": 0}, "missing_lines": [], "excluded_lines": [], "executed_branches": [], "missing_branches": []}}}, "src/opengovzoning/core/__init__.py": {"executed_lines": [1], "summary": {"covered_lines": 0, "num_statements": 0, "percent_covered": 100.0, "percent_covered_display": "100", "missing_lines": 0, "excluded_lines": 0, "num_branches": 0, "num_partial_branches": 0, "covered_branches": 0, "missing_branches": 0}, "missing_lines": [], "excluded_lines": [], "executed_branches": [], "missing_branches": [], "functions": {"": {"executed_lines": [1], "summary": {"covered_lines": 0, "num_statements": 0, "percent_covered": 100.0, "percent_covered_display": "100", "missing_lines": 0, "excluded_lines": 0, "num_branches": 0, "num_partial_branches": 0, "covered_branches": 0, "missing_branches": 0}, "missing_lines": [], "excluded_lines": [], "executed_branches": [], "missing_branches": []}}, "classes": {"": {"executed_lines": [1], "summary": {"covered_lines": 0, "num_statements": 0, "percent_covered": 100.0, "percent_covered_display": "100", "missing_lines": 0, "excluded_lines": 0, "num_branches": 0, "num_partial_branches": 0, "covered_branches": 0, "missing_branches": 0}, "missing_lines": [], "excluded_lines": [], "executed_branches": [], "missing_branches": []}}}, "src/opengovzoning/core/__pycache__/__init__.py": {"executed_lines": [], "summary": {"covered_lines": 0, "num_statements": 0, "percent_covered": 100.0, "percent_covered_display": "100", "missing_lines": 0, "excluded_lines": 0, "num_branches": 0, "num_partial_branches": 0, "covered_branches": 0, "missing_branches": 0}, "missing_lines": [], "excluded_lines": [], "executed_branches": [], "missing_branches": [], "functions": {"": {"executed_lines": [], "summary": {"covered_lines": 0, "num_statements": 0, "percent_covered": 100.0, "percent_covered_display": "100", "missing_lines": 0, "excluded_lines": 0, "num_branches": 0, "num_partial_branches": 0, "covered_branches": 0, "missing_branches": 0}, "missing_lines": [], "excluded_lines": [], "executed_branches": [], "missing_branches": []}}, "classes": {"": {"executed_lines": [], "summary": {"covered_lines": 0, "num_statements": 0, "percent_covered": 100.0, "percent_covered_display": "100", "missing_lines": 0, "excluded_lines": 0, "num_branches": 0, "num_partial_branches": 0, "covered_branches": 0, "missing_branches": 0}, "missing_lines": [], "excluded_lines": [], "executed_branches": [], "missing_branches": []}}}, "src/opengovzoning/core/config.py": {"executed_lines": [1, 3, 4, 6, 7, 10, 11, 14, 15, 16, 17, 18, 19, 22, 23, 24, 25, 28, 32, 38, 39, 40, 41, 44, 45, 48, 49, 50, 51, 54, 55, 56, 59, 60, 63, 64, 67, 68, 69, 70, 71, 74, 75, 76, 79, 80, 83, 84, 85, 88, 89, 90, 91, 94, 98, 99, 103, 106, 107, 108, 111, 112, 113, 114, 117, 118, 119, 122, 123, 124, 125, 126, 129, 130, 131, 132, 133, 134, 135, 138, 142, 145, 146, 147, 149, 155, 156, 157, 159, 161, 162, 165, 166, 167, 169, 171, 172, 175, 176, 180, 181, 185, 186, 192, 195, 198, 199, 200, 203], "summary": {"covered_lines": 107, "num_statements": 115, "percent_covered": 90.4, "percent_covered_display": "90", "missing_lines": 8, "excluded_lines": 0, "num_branches": 10, "num_partial_branches": 4, "covered_branches": 6, "missing_branches": 4}, "missing_lines": [160, 163, 170, 173, 178, 183, 188, 206], "excluded_lines": [], "executed_branches": [[159, 161], [161, 162], [169, 171], [171, 172], [198, 199], [198, 200]], "missing_branches": [[159, 160], [161, 163], [169, 170], [171, 173]], "functions": {"Settings.assemble_cors_origins": {"executed_lines": [159, 161, 162], "summary": {"covered_lines": 3, "num_statements": 5, "percent_covered": 55.55555555555556, "percent_covered_display": "56", "missing_lines": 2, "excluded_lines": 0, "num_branches": 4, "num_partial_branches": 2, "covered_branches": 2, "missing_branches": 2}, "missing_lines": [160, 163], "excluded_lines": [], "executed_branches": [[159, 161], [161, 162]], "missing_branches": [[159, 160], [161, 163]]}, "Settings.assemble_cors_headers": {"executed_lines": [169, 171, 172], "summary": {"covered_lines": 3, "num_statements": 5, "percent_covered": 55.55555555555556, "percent_covered_display": "56", "missing_lines": 2, "excluded_lines": 0, "num_branches": 4, "num_partial_branches": 2, "covered_branches": 2, "missing_branches": 2}, "missing_lines": [170, 173], "excluded_lines": [], "executed_branches": [[169, 171], [171, 172]], "missing_branches": [[169, 170], [171, 173]]}, "Settings.is_development": {"executed_lines": [], "summary": {"covered_lines": 0, "num_statements": 1, "percent_covered": 0.0, "percent_covered_display": "0", "missing_lines": 1, "excluded_lines": 0, "num_branches": 0, "num_partial_branches": 0, "covered_branches": 0, "missing_branches": 0}, "missing_lines": [178], "excluded_lines": [], "executed_branches": [], "missing_branches": []}, "Settings.is_production": {"executed_lines": [], "summary": {"covered_lines": 0, "num_statements": 1, "percent_covered": 0.0, "percent_covered_display": "0", "missing_lines": 1, "excluded_lines": 0, "num_branches": 0, "num_partial_branches": 0, "covered_branches": 0, "missing_branches": 0}, "missing_lines": [183], "excluded_lines": [], "executed_branches": [], "missing_branches": []}, "Settings.is_testing": {"executed_lines": [], "summary": {"covered_lines": 0, "num_statements": 1, "percent_covered": 0.0, "percent_covered_display": "0", "missing_lines": 1, "excluded_lines": 0, "num_branches": 0, "num_partial_branches": 0, "covered_branches": 0, "missing_branches": 0}, "missing_lines": [188], "excluded_lines": [], "executed_branches": [], "missing_branches": []}, "get_settings": {"executed_lines": [198, 199, 200], "summary": {"covered_lines": 3, "num_statements": 3, "percent_covered": 100.0, "percent_covered_display": "100", "missing_lines": 0, "excluded_lines": 0, "num_branches": 2, "num_partial_branches": 0, "covered_branches": 2, "missing_branches": 0}, "missing_lines": [], "excluded_lines": [], "executed_branches": [[198, 199], [198, 200]], "missing_branches": []}, "reset_settings": {"executed_lines": [], "summary": {"covered_lines": 0, "num_statements": 1, "percent_covered": 0.0, "percent_covered_display": "0", "missing_lines": 1, "excluded_lines": 0, "num_branches": 0, "num_partial_branches": 0, "covered_branches": 0, "missing_branches": 0}, "missing_lines": [206], "excluded_lines": [], "executed_branches": [], "missing_branches": []}, "": {"executed_lines": [1, 3, 4, 6, 7, 10, 11, 14, 15, 16, 17, 18, 19, 22, 23, 24, 25, 28, 32, 38, 39, 40, 41, 44, 45, 48, 49, 50, 51, 54, 55, 56, 59, 60, 63, 64, 67, 68, 69, 70, 71, 74, 75, 76, 79, 80, 83, 84, 85, 88, 89, 90, 91, 94, 98, 99, 103, 106, 107, 108, 111, 112, 113, 114, 117, 118, 119, 122, 123, 124, 125, 126, 129, 130, 131, 132, 133, 134, 135, 138, 142, 145, 146, 147, 149, 155, 156, 157, 165, 166, 167, 175, 176, 180, 181, 185, 186, 192, 195, 203], "summary": {"covered_lines": 98, "num_statements": 98, "percent_covered": 100.0, "percent_covered_display": "100", "missing_lines": 0, "excluded_lines": 0, "num_branches": 0, "num_partial_branches": 0, "covered_branches": 0, "missing_branches": 0}, "missing_lines": [], "excluded_lines": [], "executed_branches": [], "missing_branches": []}}, "classes": {"Settings": {"executed_lines": [159, 161, 162, 169, 171, 172], "summary": {"covered_lines": 6, "num_statements": 13, "percent_covered": 47.61904761904762, "percent_covered_display": "48", "missing_lines": 7, "excluded_lines": 0, "num_branches": 8, "num_partial_branches": 4, "covered_branches": 4, "missing_branches": 4}, "missing_lines": [160, 163, 170, 173, 178, 183, 188], "excluded_lines": [], "executed_branches": [[159, 161], [161, 162], [169, 171], [171, 172]], "missing_branches": [[159, 160], [161, 163], [169, 170], [171, 173]]}, "": {"executed_lines": [1, 3, 4, 6, 7, 10, 11, 14, 15, 16, 17, 18, 19, 22, 23, 24, 25, 28, 32, 38, 39, 40, 41, 44, 45, 48, 49, 50, 51, 54, 55, 56, 59, 60, 63, 64, 67, 68, 69, 70, 71, 74, 75, 76, 79, 80, 83, 84, 85, 88, 89, 90, 91, 94, 98, 99, 103, 106, 107, 108, 111, 112, 113, 114, 117, 118, 119, 122, 123, 124, 125, 126, 129, 130, 131, 132, 133, 134, 135, 138, 142, 145, 146, 147, 149, 155, 156, 157, 165, 166, 167, 175, 176, 180, 181, 185, 186, 192, 195, 198, 199, 200, 203], "summary": {"covered_lines": 101, "num_statements": 102, "percent_covered": 99.03846153846153, "percent_covered_display": "99", "missing_lines": 1, "excluded_lines": 0, "num_branches": 2, "num_partial_branches": 0, "covered_branches": 2, "missing_branches": 0}, "missing_lines": [206], "excluded_lines": [], "executed_branches": [[198, 199], [198, 200]], "missing_branches": []}}}, "src/opengovzoning/core/database.py": {"executed_lines": [], "summary": {"covered_lines": 0, "num_statements": 25, "percent_covered": 0.0, "percent_covered_display": "0", "missing_lines": 25, "excluded_lines": 0, "num_branches": 10, "num_partial_branches": 0, "covered_branches": 0, "missing_branches": 10}, "missing_lines": [3, 5, 6, 8, 10, 13, 16, 17, 18, 19, 21, 22, 23, 25, 37, 38, 39, 41, 42, 59, 60, 61, 63, 64, 65], "excluded_lines": [], "executed_branches": [], "missing_branches": [[22, 23], [22, 25], [38, 39], [38, 41], [59, -37], [59, 60], [60, 59], [60, 61], [64, -63], [64, 65]], "functions": {"SQLiteDatabaseManager.__init__": {"executed_lines": [], "summary": {"covered_lines": 0, "num_statements": 3, "percent_covered": 0.0, "percent_covered_display": "0", "missing_lines": 3, "excluded_lines": 0, "num_branches": 0, "num_partial_branches": 0, "covered_branches": 0, "missing_branches": 0}, "missing_lines": [17, 18, 19], "excluded_lines": [], "executed_branches": [], "missing_branches": []}, "SQLiteDatabaseManager.initialize": {"executed_lines": [], "summary": {"covered_lines": 0, "num_statements": 3, "percent_covered": 0.0, "percent_covered_display": "0", "missing_lines": 3, "excluded_lines": 0, "num_branches": 2, "num_partial_branches": 0, "covered_branches": 0, "missing_branches": 2}, "missing_lines": [22, 23, 25], "excluded_lines": [], "executed_branches": [], "missing_branches": [[22, 23], [22, 25]]}, "SQLiteDatabaseManager.seed_sample_data": {"executed_lines": [], "summary": {"covered_lines": 0, "num_statements": 7, "percent_covered": 0.0, "percent_covered_display": "0", "missing_lines": 7, "excluded_lines": 0, "num_branches": 6, "num_partial_branches": 0, "covered_branches": 0, "missing_branches": 6}, "missing_lines": [38, 39, 41, 42, 59, 60, 61], "excluded_lines": [], "executed_branches": [], "missing_branches": [[38, 39], [38, 41], [59, -37], [59, 60], [60, 59], [60, 61]]}, "SQLiteDatabaseManager.drop": {"executed_lines": [], "summary": {"covered_lines": 0, "num_statements": 2, "percent_covered": 0.0, "percent_covered_display": "0", "missing_lines": 2, "excluded_lines": 0, "num_branches": 2, "num_partial_branches": 0, "covered_branches": 0, "missing_branches": 2}, "missing_lines": [64, 65], "excluded_lines": [], "executed_branches": [], "missing_branches": [[64, -63], [64, 65]]}, "": {"executed_lines": [], "summary": {"covered_lines": 0, "num_statements": 10, "percent_covered": 0.0, "percent_covered_display": "0", "missing_lines": 10, "excluded_lines": 0, "num_branches": 0, "num_partial_branches": 0, "covered_branches": 0, "missing_branches": 0}, "missing_lines": [3, 5, 6, 8, 10, 13, 16, 21, 37, 63], "excluded_lines": [], "executed_branches": [], "missing_branches": []}}, "classes": {"SQLiteDatabaseManager": {"executed_lines": [], "summary": {"covered_lines": 0, "num_statements": 15, "percent_covered": 0.0, "percent_covered_display": "0", "missing_lines": 15, "excluded_lines": 0, "num_branches": 10, "num_partial_branches": 0, "covered_branches": 0, "missing_branches": 10}, "missing_lines": [17, 18, 19, 22, 23, 25, 38, 39, 41, 42, 59, 60, 61, 64, 65], "excluded_lines": [], "executed_branches": [], "missing_branches": [[22, 23], [22, 25], [38, 39], [38, 41], [59, -37], [59, 60], [60, 59], [60, 61], [64, -63], [64, 65]]}, "": {"executed_lines": [], "summary": {"covered_lines": 0, "num_statements": 10, "percent_covered": 0.0, "percent_covered_display": "0", "missing_lines": 10, "excluded_lines": 0, "num_branches": 0, "num_partial_branches": 0, "covered_branches": 0, "missing_branches": 0}, "missing_lines": [3, 5, 6, 8, 10, 13, 16, 21, 37, 63], "excluded_lines": [], "executed_branches": [], "missing_branches": []}}}, "src/opengovzoning/core/database/__init__.py": {"executed_lines": [], "summary": {"covered_lines": 0, "num_statements": 2, "percent_covered": 0.0, "percent_covered_display": "0", "missing_lines": 2, "excluded_lines": 0, "num_branches": 0, "num_partial_branches": 0, "covered_branches": 0, "missing_branches": 0}, "missing_lines": [3, 5], "excluded_lines": [], "executed_branches": [], "missing_branches": [], "functions": {"": {"executed_lines": [], "summary": {"covered_lines": 0, "num_statements": 2, "percent_covered": 0.0, "percent_covered_display": "0", "missing_lines": 2, "excluded_lines": 0, "num_branches": 0, "num_partial_branches": 0, "covered_branches": 0, "missing_branches": 0}, "missing_lines": [3, 5], "excluded_lines": [], "executed_branches": [], "missing_branches": []}}, "classes": {"": {"executed_lines": [], "summary": {"covered_lines": 0, "num_statements": 2, "percent_covered": 0.0, "percent_covered_display": "0", "missing_lines": 2, "excluded_lines": 0, "num_branches": 0, "num_partial_branches": 0, "covered_branches": 0, "missing_branches": 0}, "missing_lines": [3, 5], "excluded_lines": [], "executed_branches": [], "missing_branches": []}}}, "src/opengovzoning/core/events/__init__.py": {"executed_lines": [], "summary": {"covered_lines": 0, "num_statements": 0, "percent_covered": 100.0, "percent_covered_display": "100", "missing_lines": 0, "excluded_lines": 0, "num_branches": 0, "num_partial_branches": 0, "covered_branches": 0, "missing_branches": 0}, "missing_lines": [], "excluded_lines": [], "executed_branches": [], "missing_branches": [], "functions": {"": {"executed_lines": [], "summary": {"covered_lines": 0, "num_statements": 0, "percent_covered": 100.0, "percent_covered_display": "100", "missing_lines": 0, "excluded_lines": 0, "num_branches": 0, "num_partial_branches": 0, "covered_branches": 0, "missing_branches": 0}, "missing_lines": [], "excluded_lines": [], "executed_branches": [], "missing_branches": []}}, "classes": {"": {"executed_lines": [], "summary": {"covered_lines": 0, "num_statements": 0, "percent_covered": 100.0, "percent_covered_display": "100", "missing_lines": 0, "excluded_lines": 0, "num_branches": 0, "num_partial_branches": 0, "covered_branches": 0, "missing_branches": 0}, "missing_lines": [], "excluded_lines": [], "executed_branches": [], "missing_branches": []}}}, "src/opengovzoning/core/exceptions/__init__.py": {"executed_lines": [1, 3, 4, 5, 6, 7, 8, 10], "summary": {"covered_lines": 7, "num_statements": 7, "percent_covered": 100.0, "percent_covered_display": "100", "missing_lines": 0, "excluded_lines": 0, "num_branches": 0, "num_partial_branches": 0, "covered_branches": 0, "missing_branches": 0}, "missing_lines": [], "excluded_lines": [], "executed_branches": [], "missing_branches": [], "functions": {"": {"executed_lines": [1, 3, 4, 5, 6, 7, 8, 10], "summary": {"covered_lines": 7, "num_statements": 7, "percent_covered": 100.0, "percent_covered_display": "100", "missing_lines": 0, "excluded_lines": 0, "num_branches": 0, "num_partial_branches": 0, "covered_branches": 0, "missing_branches": 0}, "missing_lines": [], "excluded_lines": [], "executed_branches": [], "missing_branches": []}}, "classes": {"": {"executed_lines": [1, 3, 4, 5, 6, 7, 8, 10], "summary": {"covered_lines": 7, "num_statements": 7, "percent_covered": 100.0, "percent_covered_display": "100", "missing_lines": 0, "excluded_lines": 0, "num_branches": 0, "num_partial_branches": 0, "covered_branches": 0, "missing_branches": 0}, "missing_lines": [], "excluded_lines": [], "executed_branches": [], "missing_branches": []}}}, "src/opengovzoning/core/exceptions/auth.py": {"executed_lines": [1, 3, 5, 7, 10, 11, 13, 27, 28, 30, 44, 45, 47, 61, 62, 64, 78, 79, 81, 95, 96, 98], "summary": {"covered_lines": 15, "num_statements": 29, "percent_covered": 40.54054054054054, "percent_covered_display": "41", "missing_lines": 14, "excluded_lines": 0, "num_branches": 8, "num_partial_branches": 0, "covered_branches": 0, "missing_branches": 8}, "missing_lines": [19, 36, 53, 70, 87, 106, 107, 109, 110, 112, 113, 114, 115, 117], "excluded_lines": [], "executed_branches": [], "missing_branches": [[106, 107], [106, 109], [109, 110], [109, 112], [112, 113], [112, 114], [114, 115], [114, 117]], "functions": {"AuthenticationError.__init__": {"executed_lines": [], "summary": {"covered_lines": 0, "num_statements": 1, "percent_covered": 0.0, "percent_covered_display": "0", "missing_lines": 1, "excluded_lines": 0, "num_branches": 0, "num_partial_branches": 0, "covered_branches": 0, "missing_branches": 0}, "missing_lines": [19], "excluded_lines": [], "executed_branches": [], "missing_branches": []}, "AuthorizationError.__init__": {"executed_lines": [], "summary": {"covered_lines": 0, "num_statements": 1, "percent_covered": 0.0, "percent_covered_display": "0", "missing_lines": 1, "excluded_lines": 0, "num_branches": 0, "num_partial_branches": 0, "covered_branches": 0, "missing_branches": 0}, "missing_lines": [36], "excluded_lines": [], "executed_branches": [], "missing_branches": []}, "TokenError.__init__": {"executed_lines": [], "summary": {"covered_lines": 0, "num_statements": 1, "percent_covered": 0.0, "percent_covered_display": "0", "missing_lines": 1, "excluded_lines": 0, "num_branches": 0, "num_partial_branches": 0, "covered_branches": 0, "missing_branches": 0}, "missing_lines": [53], "excluded_lines": [], "executed_branches": [], "missing_branches": []}, "InvalidTokenError.__init__": {"executed_lines": [], "summary": {"covered_lines": 0, "num_statements": 1, "percent_covered": 0.0, "percent_covered_display": "0", "missing_lines": 1, "excluded_lines": 0, "num_branches": 0, "num_partial_branches": 0, "covered_branches": 0, "missing_branches": 0}, "missing_lines": [70], "excluded_lines": [], "executed_branches": [], "missing_branches": []}, "ExpiredTokenError.__init__": {"executed_lines": [], "summary": {"covered_lines": 0, "num_statements": 1, "percent_covered": 0.0, "percent_covered_display": "0", "missing_lines": 1, "excluded_lines": 0, "num_branches": 0, "num_partial_branches": 0, "covered_branches": 0, "missing_branches": 0}, "missing_lines": [87], "excluded_lines": [], "executed_branches": [], "missing_branches": []}, "InsufficientPermissionsError.__init__": {"executed_lines": [], "summary": {"covered_lines": 0, "num_statements": 9, "percent_covered": 0.0, "percent_covered_display": "0", "missing_lines": 9, "excluded_lines": 0, "num_branches": 8, "num_partial_branches": 0, "covered_branches": 0, "missing_branches": 8}, "missing_lines": [106, 107, 109, 110, 112, 113, 114, 115, 117], "excluded_lines": [], "executed_branches": [], "missing_branches": [[106, 107], [106, 109], [109, 110], [109, 112], [112, 113], [112, 114], [114, 115], [114, 117]]}, "": {"executed_lines": [1, 3, 5, 7, 10, 11, 13, 27, 28, 30, 44, 45, 47, 61, 62, 64, 78, 79, 81, 95, 96, 98], "summary": {"covered_lines": 15, "num_statements": 15, "percent_covered": 100.0, "percent_covered_display": "100", "missing_lines": 0, "excluded_lines": 0, "num_branches": 0, "num_partial_branches": 0, "covered_branches": 0, "missing_branches": 0}, "missing_lines": [], "excluded_lines": [], "executed_branches": [], "missing_branches": []}}, "classes": {"AuthenticationError": {"executed_lines": [], "summary": {"covered_lines": 0, "num_statements": 1, "percent_covered": 0.0, "percent_covered_display": "0", "missing_lines": 1, "excluded_lines": 0, "num_branches": 0, "num_partial_branches": 0, "covered_branches": 0, "missing_branches": 0}, "missing_lines": [19], "excluded_lines": [], "executed_branches": [], "missing_branches": []}, "AuthorizationError": {"executed_lines": [], "summary": {"covered_lines": 0, "num_statements": 1, "percent_covered": 0.0, "percent_covered_display": "0", "missing_lines": 1, "excluded_lines": 0, "num_branches": 0, "num_partial_branches": 0, "covered_branches": 0, "missing_branches": 0}, "missing_lines": [36], "excluded_lines": [], "executed_branches": [], "missing_branches": []}, "TokenError": {"executed_lines": [], "summary": {"covered_lines": 0, "num_statements": 1, "percent_covered": 0.0, "percent_covered_display": "0", "missing_lines": 1, "excluded_lines": 0, "num_branches": 0, "num_partial_branches": 0, "covered_branches": 0, "missing_branches": 0}, "missing_lines": [53], "excluded_lines": [], "executed_branches": [], "missing_branches": []}, "InvalidTokenError": {"executed_lines": [], "summary": {"covered_lines": 0, "num_statements": 1, "percent_covered": 0.0, "percent_covered_display": "0", "missing_lines": 1, "excluded_lines": 0, "num_branches": 0, "num_partial_branches": 0, "covered_branches": 0, "missing_branches": 0}, "missing_lines": [70], "excluded_lines": [], "executed_branches": [], "missing_branches": []}, "ExpiredTokenError": {"executed_lines": [], "summary": {"covered_lines": 0, "num_statements": 1, "percent_covered": 0.0, "percent_covered_display": "0", "missing_lines": 1, "excluded_lines": 0, "num_branches": 0, "num_partial_branches": 0, "covered_branches": 0, "missing_branches": 0}, "missing_lines": [87], "excluded_lines": [], "executed_branches": [], "missing_branches": []}, "InsufficientPermissionsError": {"executed_lines": [], "summary": {"covered_lines": 0, "num_statements": 9, "percent_covered": 0.0, "percent_covered_display": "0", "missing_lines": 9, "excluded_lines": 0, "num_branches": 8, "num_partial_branches": 0, "covered_branches": 0, "missing_branches": 8}, "missing_lines": [106, 107, 109, 110, 112, 113, 114, 115, 117], "excluded_lines": [], "executed_branches": [], "missing_branches": [[106, 107], [106, 109], [109, 110], [109, 112], [112, 113], [112, 114], [114, 115], [114, 117]]}, "": {"executed_lines": [1, 3, 5, 7, 10, 11, 13, 27, 28, 30, 44, 45, 47, 61, 62, 64, 78, 79, 81, 95, 96, 98], "summary": {"covered_lines": 15, "num_statements": 15, "percent_covered": 100.0, "percent_covered_display": "100", "missing_lines": 0, "excluded_lines": 0, "num_branches": 0, "num_partial_branches": 0, "covered_branches": 0, "missing_branches": 0}, "missing_lines": [], "excluded_lines": [], "executed_branches": [], "missing_branches": []}}}, "src/opengovzoning/core/exceptions/base.py": {"executed_lines": [1, 3, 5, 8, 9, 11, 33, 44, 45, 47], "summary": {"covered_lines": 7, "num_statements": 15, "percent_covered": 46.666666666666664, "percent_covered_display": "47", "missing_lines": 8, "excluded_lines": 0, "num_branches": 0, "num_partial_branches": 0, "covered_branches": 0, "missing_branches": 0}, "missing_lines": [27, 28, 29, 30, 31, 35, 65, 72], "excluded_lines": [], "executed_branches": [], "missing_branches": [], "functions": {"OpenGovZoningException.__init__": {"executed_lines": [], "summary": {"covered_lines": 0, "num_statements": 5, "percent_covered": 0.0, "percent_covered_display": "0", "missing_lines": 5, "excluded_lines": 0, "num_branches": 0, "num_partial_branches": 0, "covered_branches": 0, "missing_branches": 0}, "missing_lines": [27, 28, 29, 30, 31], "excluded_lines": [], "executed_branches": [], "missing_branches": []}, "OpenGovZoningException.to_dict": {"executed_lines": [], "summary": {"covered_lines": 0, "num_statements": 1, "percent_covered": 0.0, "percent_covered_display": "0", "missing_lines": 1, "excluded_lines": 0, "num_branches": 0, "num_partial_branches": 0, "covered_branches": 0, "missing_branches": 0}, "missing_lines": [35], "excluded_lines": [], "executed_branches": [], "missing_branches": []}, "BaseAPIException.__init__": {"executed_lines": [], "summary": {"covered_lines": 0, "num_statements": 2, "percent_covered": 0.0, "percent_covered_display": "0", "missing_lines": 2, "excluded_lines": 0, "num_branches": 0, "num_partial_branches": 0, "covered_branches": 0, "missing_branches": 0}, "missing_lines": [65, 72], "excluded_lines": [], "executed_branches": [], "missing_branches": []}, "": {"executed_lines": [1, 3, 5, 8, 9, 11, 33, 44, 45, 47], "summary": {"covered_lines": 7, "num_statements": 7, "percent_covered": 100.0, "percent_covered_display": "100", "missing_lines": 0, "excluded_lines": 0, "num_branches": 0, "num_partial_branches": 0, "covered_branches": 0, "missing_branches": 0}, "missing_lines": [], "excluded_lines": [], "executed_branches": [], "missing_branches": []}}, "classes": {"OpenGovZoningException": {"executed_lines": [], "summary": {"covered_lines": 0, "num_statements": 6, "percent_covered": 0.0, "percent_covered_display": "0", "missing_lines": 6, "excluded_lines": 0, "num_branches": 0, "num_partial_branches": 0, "covered_branches": 0, "missing_branches": 0}, "missing_lines": [27, 28, 29, 30, 31, 35], "excluded_lines": [], "executed_branches": [], "missing_branches": []}, "BaseAPIException": {"executed_lines": [], "summary": {"covered_lines": 0, "num_statements": 2, "percent_covered": 0.0, "percent_covered_display": "0", "missing_lines": 2, "excluded_lines": 0, "num_branches": 0, "num_partial_branches": 0, "covered_branches": 0, "missing_branches": 0}, "missing_lines": [65, 72], "excluded_lines": [], "executed_branches": [], "missing_branches": []}, "": {"executed_lines": [1, 3, 5, 8, 9, 11, 33, 44, 45, 47], "summary": {"covered_lines": 7, "num_statements": 7, "percent_covered": 100.0, "percent_covered_display": "100", "missing_lines": 0, "excluded_lines": 0, "num_branches": 0, "num_partial_branches": 0, "covered_branches": 0, "missing_branches": 0}, "missing_lines": [], "excluded_lines": [], "executed_branches": [], "missing_branches": []}}}, "src/opengovzoning/core/exceptions/business.py": {"executed_lines": [1, 3, 5, 7, 10, 11, 13, 27, 28, 30, 57, 58, 60, 84, 85, 87, 116, 117, 119], "summary": {"covered_lines": 13, "num_statements": 54, "percent_covered": 15.476190476190476, "percent_covered_display": "15", "missing_lines": 41, "excluded_lines": 0, "num_branches": 30, "num_partial_branches": 0, "covered_branches": 0, "missing_branches": 30}, "missing_lines": [19, 39, 40, 42, 43, 44, 45, 46, 47, 48, 50, 68, 69, 71, 72, 73, 74, 76, 96, 97, 98, 100, 102, 103, 104, 105, 106, 107, 109, 128, 129, 130, 132, 134, 135, 136, 137, 138, 139, 140, 142], "excluded_lines": [], "executed_branches": [], "missing_branches": [[39, 40], [39, 42], [42, 43], [42, 44], [45, 46], [45, 47], [47, 48], [47, 50], [68, 69], [68, 71], [71, 72], [71, 73], [96, 97], [96, 102], [97, 98], [97, 100], [102, 103], [102, 104], [106, 107], [106, 109], [128, 129], [128, 134], [129, 130], [129, 132], [134, 135], [134, 136], [137, 138], [137, 139], [139, 140], [139, 142]], "functions": {"BusinessLogicError.__init__": {"executed_lines": [], "summary": {"covered_lines": 0, "num_statements": 1, "percent_covered": 0.0, "percent_covered_display": "0", "missing_lines": 1, "excluded_lines": 0, "num_branches": 0, "num_partial_branches": 0, "covered_branches": 0, "missing_branches": 0}, "missing_lines": [19], "excluded_lines": [], "executed_branches": [], "missing_branches": []}, "InsufficientPermissionsError.__init__": {"executed_lines": [], "summary": {"covered_lines": 0, "num_statements": 10, "percent_covered": 0.0, "percent_covered_display": "0", "missing_lines": 10, "excluded_lines": 0, "num_branches": 8, "num_partial_branches": 0, "covered_branches": 0, "missing_branches": 8}, "missing_lines": [39, 40, 42, 43, 44, 45, 46, 47, 48, 50], "excluded_lines": [], "executed_branches": [], "missing_branches": [[39, 40], [39, 42], [42, 43], [42, 44], [45, 46], [45, 47], [47, 48], [47, 50]]}, "ResourceConflictError.__init__": {"executed_lines": [], "summary": {"covered_lines": 0, "num_statements": 7, "percent_covered": 0.0, "percent_covered_display": "0", "missing_lines": 7, "excluded_lines": 0, "num_branches": 4, "num_partial_branches": 0, "covered_branches": 0, "missing_branches": 4}, "missing_lines": [68, 69, 71, 72, 73, 74, 76], "excluded_lines": [], "executed_branches": [], "missing_branches": [[68, 69], [68, 71], [71, 72], [71, 73]]}, "InvalidStateError.__init__": {"executed_lines": [], "summary": {"covered_lines": 0, "num_statements": 11, "percent_covered": 0.0, "percent_covered_display": "0", "missing_lines": 11, "excluded_lines": 0, "num_branches": 8, "num_partial_branches": 0, "covered_branches": 0, "missing_branches": 8}, "missing_lines": [96, 97, 98, 100, 102, 103, 104, 105, 106, 107, 109], "excluded_lines": [], "executed_branches": [], "missing_branches": [[96, 97], [96, 102], [97, 98], [97, 100], [102, 103], [102, 104], [106, 107], [106, 109]]}, "QuotaExceededError.__init__": {"executed_lines": [], "summary": {"covered_lines": 0, "num_statements": 12, "percent_covered": 0.0, "percent_covered_display": "0", "missing_lines": 12, "excluded_lines": 0, "num_branches": 10, "num_partial_branches": 0, "covered_branches": 0, "missing_branches": 10}, "missing_lines": [128, 129, 130, 132, 134, 135, 136, 137, 138, 139, 140, 142], "excluded_lines": [], "executed_branches": [], "missing_branches": [[128, 129], [128, 134], [129, 130], [129, 132], [134, 135], [134, 136], [137, 138], [137, 139], [139, 140], [139, 142]]}, "": {"executed_lines": [1, 3, 5, 7, 10, 11, 13, 27, 28, 30, 57, 58, 60, 84, 85, 87, 116, 117, 119], "summary": {"covered_lines": 13, "num_statements": 13, "percent_covered": 100.0, "percent_covered_display": "100", "missing_lines": 0, "excluded_lines": 0, "num_branches": 0, "num_partial_branches": 0, "covered_branches": 0, "missing_branches": 0}, "missing_lines": [], "excluded_lines": [], "executed_branches": [], "missing_branches": []}}, "classes": {"BusinessLogicError": {"executed_lines": [], "summary": {"covered_lines": 0, "num_statements": 1, "percent_covered": 0.0, "percent_covered_display": "0", "missing_lines": 1, "excluded_lines": 0, "num_branches": 0, "num_partial_branches": 0, "covered_branches": 0, "missing_branches": 0}, "missing_lines": [19], "excluded_lines": [], "executed_branches": [], "missing_branches": []}, "InsufficientPermissionsError": {"executed_lines": [], "summary": {"covered_lines": 0, "num_statements": 10, "percent_covered": 0.0, "percent_covered_display": "0", "missing_lines": 10, "excluded_lines": 0, "num_branches": 8, "num_partial_branches": 0, "covered_branches": 0, "missing_branches": 8}, "missing_lines": [39, 40, 42, 43, 44, 45, 46, 47, 48, 50], "excluded_lines": [], "executed_branches": [], "missing_branches": [[39, 40], [39, 42], [42, 43], [42, 44], [45, 46], [45, 47], [47, 48], [47, 50]]}, "ResourceConflictError": {"executed_lines": [], "summary": {"covered_lines": 0, "num_statements": 7, "percent_covered": 0.0, "percent_covered_display": "0", "missing_lines": 7, "excluded_lines": 0, "num_branches": 4, "num_partial_branches": 0, "covered_branches": 0, "missing_branches": 4}, "missing_lines": [68, 69, 71, 72, 73, 74, 76], "excluded_lines": [], "executed_branches": [], "missing_branches": [[68, 69], [68, 71], [71, 72], [71, 73]]}, "InvalidStateError": {"executed_lines": [], "summary": {"covered_lines": 0, "num_statements": 11, "percent_covered": 0.0, "percent_covered_display": "0", "missing_lines": 11, "excluded_lines": 0, "num_branches": 8, "num_partial_branches": 0, "covered_branches": 0, "missing_branches": 8}, "missing_lines": [96, 97, 98, 100, 102, 103, 104, 105, 106, 107, 109], "excluded_lines": [], "executed_branches": [], "missing_branches": [[96, 97], [96, 102], [97, 98], [97, 100], [102, 103], [102, 104], [106, 107], [106, 109]]}, "QuotaExceededError": {"executed_lines": [], "summary": {"covered_lines": 0, "num_statements": 12, "percent_covered": 0.0, "percent_covered_display": "0", "missing_lines": 12, "excluded_lines": 0, "num_branches": 10, "num_partial_branches": 0, "covered_branches": 0, "missing_branches": 10}, "missing_lines": [128, 129, 130, 132, 134, 135, 136, 137, 138, 139, 140, 142], "excluded_lines": [], "executed_branches": [], "missing_branches": [[128, 129], [128, 134], [129, 130], [129, 132], [134, 135], [134, 136], [137, 138], [137, 139], [139, 140], [139, 142]]}, "": {"executed_lines": [1, 3, 5, 7, 10, 11, 13, 27, 28, 30, 57, 58, 60, 84, 85, 87, 116, 117, 119], "summary": {"covered_lines": 13, "num_statements": 13, "percent_covered": 100.0, "percent_covered_display": "100", "missing_lines": 0, "excluded_lines": 0, "num_branches": 0, "num_partial_branches": 0, "covered_branches": 0, "missing_branches": 0}, "missing_lines": [], "excluded_lines": [], "executed_branches": [], "missing_branches": []}}}, "src/opengovzoning/core/exceptions/database.py": {"executed_lines": [1, 3, 5, 7, 10, 11, 13, 27, 28, 30, 58, 59, 61, 91, 92, 94, 108, 109, 111, 125, 126, 128], "summary": {"covered_lines": 15, "num_statements": 40, "percent_covered": 26.785714285714285, "percent_covered_display": "27", "missing_lines": 25, "excluded_lines": 0, "num_branches": 16, "num_partial_branches": 0, "covered_branches": 0, "missing_branches": 16}, "missing_lines": [19, 38, 39, 40, 42, 44, 45, 46, 47, 48, 50, 70, 71, 72, 74, 76, 77, 78, 79, 80, 81, 83, 100, 117, 134], "excluded_lines": [], "executed_branches": [], "missing_branches": [[38, 39], [38, 44], [39, 40], [39, 42], [44, 45], [44, 46], [46, 47], [46, 48], [70, 71], [70, 76], [71, 72], [71, 74], [76, 77], [76, 78], [80, 81], [80, 83]], "functions": {"DatabaseError.__init__": {"executed_lines": [], "summary": {"covered_lines": 0, "num_statements": 1, "percent_covered": 0.0, "percent_covered_display": "0", "missing_lines": 1, "excluded_lines": 0, "num_branches": 0, "num_partial_branches": 0, "covered_branches": 0, "missing_branches": 0}, "missing_lines": [19], "excluded_lines": [], "executed_branches": [], "missing_branches": []}, "RecordNotFoundError.__init__": {"executed_lines": [], "summary": {"covered_lines": 0, "num_statements": 10, "percent_covered": 0.0, "percent_covered_display": "0", "missing_lines": 10, "excluded_lines": 0, "num_branches": 8, "num_partial_branches": 0, "covered_branches": 0, "missing_branches": 8}, "missing_lines": [38, 39, 40, 42, 44, 45, 46, 47, 48, 50], "excluded_lines": [], "executed_branches": [], "missing_branches": [[38, 39], [38, 44], [39, 40], [39, 42], [44, 45], [44, 46], [46, 47], [46, 48]]}, "DuplicateRecordError.__init__": {"executed_lines": [], "summary": {"covered_lines": 0, "num_statements": 11, "percent_covered": 0.0, "percent_covered_display": "0", "missing_lines": 11, "excluded_lines": 0, "num_branches": 8, "num_partial_branches": 0, "covered_branches": 0, "missing_branches": 8}, "missing_lines": [70, 71, 72, 74, 76, 77, 78, 79, 80, 81, 83], "excluded_lines": [], "executed_branches": [], "missing_branches": [[70, 71], [70, 76], [71, 72], [71, 74], [76, 77], [76, 78], [80, 81], [80, 83]]}, "DatabaseConnectionError.__init__": {"executed_lines": [], "summary": {"covered_lines": 0, "num_statements": 1, "percent_covered": 0.0, "percent_covered_display": "0", "missing_lines": 1, "excluded_lines": 0, "num_branches": 0, "num_partial_branches": 0, "covered_branches": 0, "missing_branches": 0}, "missing_lines": [100], "excluded_lines": [], "executed_branches": [], "missing_branches": []}, "DatabaseTimeoutError.__init__": {"executed_lines": [], "summary": {"covered_lines": 0, "num_statements": 1, "percent_covered": 0.0, "percent_covered_display": "0", "missing_lines": 1, "excluded_lines": 0, "num_branches": 0, "num_partial_branches": 0, "covered_branches": 0, "missing_branches": 0}, "missing_lines": [117], "excluded_lines": [], "executed_branches": [], "missing_branches": []}, "TransactionError.__init__": {"executed_lines": [], "summary": {"covered_lines": 0, "num_statements": 1, "percent_covered": 0.0, "percent_covered_display": "0", "missing_lines": 1, "excluded_lines": 0, "num_branches": 0, "num_partial_branches": 0, "covered_branches": 0, "missing_branches": 0}, "missing_lines": [134], "excluded_lines": [], "executed_branches": [], "missing_branches": []}, "": {"executed_lines": [1, 3, 5, 7, 10, 11, 13, 27, 28, 30, 58, 59, 61, 91, 92, 94, 108, 109, 111, 125, 126, 128], "summary": {"covered_lines": 15, "num_statements": 15, "percent_covered": 100.0, "percent_covered_display": "100", "missing_lines": 0, "excluded_lines": 0, "num_branches": 0, "num_partial_branches": 0, "covered_branches": 0, "missing_branches": 0}, "missing_lines": [], "excluded_lines": [], "executed_branches": [], "missing_branches": []}}, "classes": {"DatabaseError": {"executed_lines": [], "summary": {"covered_lines": 0, "num_statements": 1, "percent_covered": 0.0, "percent_covered_display": "0", "missing_lines": 1, "excluded_lines": 0, "num_branches": 0, "num_partial_branches": 0, "covered_branches": 0, "missing_branches": 0}, "missing_lines": [19], "excluded_lines": [], "executed_branches": [], "missing_branches": []}, "RecordNotFoundError": {"executed_lines": [], "summary": {"covered_lines": 0, "num_statements": 10, "percent_covered": 0.0, "percent_covered_display": "0", "missing_lines": 10, "excluded_lines": 0, "num_branches": 8, "num_partial_branches": 0, "covered_branches": 0, "missing_branches": 8}, "missing_lines": [38, 39, 40, 42, 44, 45, 46, 47, 48, 50], "excluded_lines": [], "executed_branches": [], "missing_branches": [[38, 39], [38, 44], [39, 40], [39, 42], [44, 45], [44, 46], [46, 47], [46, 48]]}, "DuplicateRecordError": {"executed_lines": [], "summary": {"covered_lines": 0, "num_statements": 11, "percent_covered": 0.0, "percent_covered_display": "0", "missing_lines": 11, "excluded_lines": 0, "num_branches": 8, "num_partial_branches": 0, "covered_branches": 0, "missing_branches": 8}, "missing_lines": [70, 71, 72, 74, 76, 77, 78, 79, 80, 81, 83], "excluded_lines": [], "executed_branches": [], "missing_branches": [[70, 71], [70, 76], [71, 72], [71, 74], [76, 77], [76, 78], [80, 81], [80, 83]]}, "DatabaseConnectionError": {"executed_lines": [], "summary": {"covered_lines": 0, "num_statements": 1, "percent_covered": 0.0, "percent_covered_display": "0", "missing_lines": 1, "excluded_lines": 0, "num_branches": 0, "num_partial_branches": 0, "covered_branches": 0, "missing_branches": 0}, "missing_lines": [100], "excluded_lines": [], "executed_branches": [], "missing_branches": []}, "DatabaseTimeoutError": {"executed_lines": [], "summary": {"covered_lines": 0, "num_statements": 1, "percent_covered": 0.0, "percent_covered_display": "0", "missing_lines": 1, "excluded_lines": 0, "num_branches": 0, "num_partial_branches": 0, "covered_branches": 0, "missing_branches": 0}, "missing_lines": [117], "excluded_lines": [], "executed_branches": [], "missing_branches": []}, "TransactionError": {"executed_lines": [], "summary": {"covered_lines": 0, "num_statements": 1, "percent_covered": 0.0, "percent_covered_display": "0", "missing_lines": 1, "excluded_lines": 0, "num_branches": 0, "num_partial_branches": 0, "covered_branches": 0, "missing_branches": 0}, "missing_lines": [134], "excluded_lines": [], "executed_branches": [], "missing_branches": []}, "": {"executed_lines": [1, 3, 5, 7, 10, 11, 13, 27, 28, 30, 58, 59, 61, 91, 92, 94, 108, 109, 111, 125, 126, 128], "summary": {"covered_lines": 15, "num_statements": 15, "percent_covered": 100.0, "percent_covered_display": "100", "missing_lines": 0, "excluded_lines": 0, "num_branches": 0, "num_partial_branches": 0, "covered_branches": 0, "missing_branches": 0}, "missing_lines": [], "excluded_lines": [], "executed_branches": [], "missing_branches": []}}}, "src/opengovzoning/core/exceptions/external.py": {"executed_lines": [1, 3, 5, 7, 10, 11, 13, 32, 33, 35, 60, 61, 63, 81, 82, 84, 114, 115, 117], "summary": {"covered_lines": 13, "num_statements": 46, "percent_covered": 19.11764705882353, "percent_covered_display": "19", "missing_lines": 33, "excluded_lines": 0, "num_branches": 22, "num_partial_branches": 0, "covered_branches": 0, "missing_branches": 22}, "missing_lines": [20, 21, 22, 24, 43, 44, 46, 47, 48, 49, 50, 52, 70, 71, 73, 94, 95, 97, 98, 99, 100, 101, 102, 103, 104, 106, 125, 126, 128, 129, 130, 131, 133], "excluded_lines": [], "executed_branches": [], "missing_branches": [[20, 21], [20, 22], [43, 44], [43, 46], [46, 47], [46, 48], [49, 50], [49, 52], [70, 71], [70, 73], [94, 95], [94, 97], [97, 98], [97, 99], [101, 102], [101, 103], [103, 104], [103, 106], [125, 126], [125, 128], [128, 129], [128, 130]], "functions": {"ExternalServiceError.__init__": {"executed_lines": [], "summary": {"covered_lines": 0, "num_statements": 4, "percent_covered": 0.0, "percent_covered_display": "0", "missing_lines": 4, "excluded_lines": 0, "num_branches": 2, "num_partial_branches": 0, "covered_branches": 0, "missing_branches": 2}, "missing_lines": [20, 21, 22, 24], "excluded_lines": [], "executed_branches": [], "missing_branches": [[20, 21], [20, 22]]}, "RateLimitError.__init__": {"executed_lines": [], "summary": {"covered_lines": 0, "num_statements": 8, "percent_covered": 0.0, "percent_covered_display": "0", "missing_lines": 8, "excluded_lines": 0, "num_branches": 6, "num_partial_branches": 0, "covered_branches": 0, "missing_branches": 6}, "missing_lines": [43, 44, 46, 47, 48, 49, 50, 52], "excluded_lines": [], "executed_branches": [], "missing_branches": [[43, 44], [43, 46], [46, 47], [46, 48], [49, 50], [49, 52]]}, "ServiceUnavailableError.__init__": {"executed_lines": [], "summary": {"covered_lines": 0, "num_statements": 3, "percent_covered": 0.0, "percent_covered_display": "0", "missing_lines": 3, "excluded_lines": 0, "num_branches": 2, "num_partial_branches": 0, "covered_branches": 0, "missing_branches": 2}, "missing_lines": [70, 71, 73], "excluded_lines": [], "executed_branches": [], "missing_branches": [[70, 71], [70, 73]]}, "ExternalAPIError.__init__": {"executed_lines": [], "summary": {"covered_lines": 0, "num_statements": 11, "percent_covered": 0.0, "percent_covered_display": "0", "missing_lines": 11, "excluded_lines": 0, "num_branches": 8, "num_partial_branches": 0, "covered_branches": 0, "missing_branches": 8}, "missing_lines": [94, 95, 97, 98, 99, 100, 101, 102, 103, 104, 106], "excluded_lines": [], "executed_branches": [], "missing_branches": [[94, 95], [94, 97], [97, 98], [97, 99], [101, 102], [101, 103], [103, 104], [103, 106]]}, "TimeoutError.__init__": {"executed_lines": [], "summary": {"covered_lines": 0, "num_statements": 7, "percent_covered": 0.0, "percent_covered_display": "0", "missing_lines": 7, "excluded_lines": 0, "num_branches": 4, "num_partial_branches": 0, "covered_branches": 0, "missing_branches": 4}, "missing_lines": [125, 126, 128, 129, 130, 131, 133], "excluded_lines": [], "executed_branches": [], "missing_branches": [[125, 126], [125, 128], [128, 129], [128, 130]]}, "": {"executed_lines": [1, 3, 5, 7, 10, 11, 13, 32, 33, 35, 60, 61, 63, 81, 82, 84, 114, 115, 117], "summary": {"covered_lines": 13, "num_statements": 13, "percent_covered": 100.0, "percent_covered_display": "100", "missing_lines": 0, "excluded_lines": 0, "num_branches": 0, "num_partial_branches": 0, "covered_branches": 0, "missing_branches": 0}, "missing_lines": [], "excluded_lines": [], "executed_branches": [], "missing_branches": []}}, "classes": {"ExternalServiceError": {"executed_lines": [], "summary": {"covered_lines": 0, "num_statements": 4, "percent_covered": 0.0, "percent_covered_display": "0", "missing_lines": 4, "excluded_lines": 0, "num_branches": 2, "num_partial_branches": 0, "covered_branches": 0, "missing_branches": 2}, "missing_lines": [20, 21, 22, 24], "excluded_lines": [], "executed_branches": [], "missing_branches": [[20, 21], [20, 22]]}, "RateLimitError": {"executed_lines": [], "summary": {"covered_lines": 0, "num_statements": 8, "percent_covered": 0.0, "percent_covered_display": "0", "missing_lines": 8, "excluded_lines": 0, "num_branches": 6, "num_partial_branches": 0, "covered_branches": 0, "missing_branches": 6}, "missing_lines": [43, 44, 46, 47, 48, 49, 50, 52], "excluded_lines": [], "executed_branches": [], "missing_branches": [[43, 44], [43, 46], [46, 47], [46, 48], [49, 50], [49, 52]]}, "ServiceUnavailableError": {"executed_lines": [], "summary": {"covered_lines": 0, "num_statements": 3, "percent_covered": 0.0, "percent_covered_display": "0", "missing_lines": 3, "excluded_lines": 0, "num_branches": 2, "num_partial_branches": 0, "covered_branches": 0, "missing_branches": 2}, "missing_lines": [70, 71, 73], "excluded_lines": [], "executed_branches": [], "missing_branches": [[70, 71], [70, 73]]}, "ExternalAPIError": {"executed_lines": [], "summary": {"covered_lines": 0, "num_statements": 11, "percent_covered": 0.0, "percent_covered_display": "0", "missing_lines": 11, "excluded_lines": 0, "num_branches": 8, "num_partial_branches": 0, "covered_branches": 0, "missing_branches": 8}, "missing_lines": [94, 95, 97, 98, 99, 100, 101, 102, 103, 104, 106], "excluded_lines": [], "executed_branches": [], "missing_branches": [[94, 95], [94, 97], [97, 98], [97, 99], [101, 102], [101, 103], [103, 104], [103, 106]]}, "TimeoutError": {"executed_lines": [], "summary": {"covered_lines": 0, "num_statements": 7, "percent_covered": 0.0, "percent_covered_display": "0", "missing_lines": 7, "excluded_lines": 0, "num_branches": 4, "num_partial_branches": 0, "covered_branches": 0, "missing_branches": 4}, "missing_lines": [125, 126, 128, 129, 130, 131, 133], "excluded_lines": [], "executed_branches": [], "missing_branches": [[125, 126], [125, 128], [128, 129], [128, 130]]}, "": {"executed_lines": [1, 3, 5, 7, 10, 11, 13, 32, 33, 35, 60, 61, 63, 81, 82, 84, 114, 115, 117], "summary": {"covered_lines": 13, "num_statements": 13, "percent_covered": 100.0, "percent_covered_display": "100", "missing_lines": 0, "excluded_lines": 0, "num_branches": 0, "num_partial_branches": 0, "covered_branches": 0, "missing_branches": 0}, "missing_lines": [], "excluded_lines": [], "executed_branches": [], "missing_branches": []}}}, "src/opengovzoning/core/exceptions/validation.py": {"executed_lines": [1, 3, 5, 7, 10, 11, 13, 33, 34, 36, 51, 52, 54, 75, 76, 78, 104, 105, 107], "summary": {"covered_lines": 13, "num_statements": 52, "percent_covered": 15.853658536585366, "percent_covered_display": "16", "missing_lines": 39, "excluded_lines": 0, "num_branches": 30, "num_partial_branches": 0, "covered_branches": 0, "missing_branches": 30}, "missing_lines": [20, 21, 22, 23, 25, 43, 61, 62, 64, 65, 66, 68, 87, 88, 90, 91, 92, 93, 94, 95, 97, 117, 118, 119, 120, 121, 122, 123, 125, 127, 128, 129, 130, 131, 132, 133, 134, 135, 137], "excluded_lines": [], "executed_branches": [], "missing_branches": [[20, 21], [20, 22], [22, 23], [22, 25], [61, 62], [61, 64], [64, 65], [64, 66], [87, 88], [87, 90], [90, 91], [90, 92], [94, 95], [94, 97], [117, 118], [117, 127], [118, 119], [118, 120], [120, 121], [120, 122], [122, 123], [122, 125], [127, 128], [127, 129], [130, 131], [130, 132], [132, 133], [132, 134], [134, 135], [134, 137]], "functions": {"ValidationError.__init__": {"executed_lines": [], "summary": {"covered_lines": 0, "num_statements": 5, "percent_covered": 0.0, "percent_covered_display": "0", "missing_lines": 5, "excluded_lines": 0, "num_branches": 4, "num_partial_branches": 0, "covered_branches": 0, "missing_branches": 4}, "missing_lines": [20, 21, 22, 23, 25], "excluded_lines": [], "executed_branches": [], "missing_branches": [[20, 21], [20, 22], [22, 23], [22, 25]]}, "InvalidInputError.__init__": {"executed_lines": [], "summary": {"covered_lines": 0, "num_statements": 1, "percent_covered": 0.0, "percent_covered_display": "0", "missing_lines": 1, "excluded_lines": 0, "num_branches": 0, "num_partial_branches": 0, "covered_branches": 0, "missing_branches": 0}, "missing_lines": [43], "excluded_lines": [], "executed_branches": [], "missing_branches": []}, "MissingRequiredFieldError.__init__": {"executed_lines": [], "summary": {"covered_lines": 0, "num_statements": 6, "percent_covered": 0.0, "percent_covered_display": "0", "missing_lines": 6, "excluded_lines": 0, "num_branches": 4, "num_partial_branches": 0, "covered_branches": 0, "missing_branches": 4}, "missing_lines": [61, 62, 64, 65, 66, 68], "excluded_lines": [], "executed_branches": [], "missing_branches": [[61, 62], [61, 64], [64, 65], [64, 66]]}, "InvalidFormatError.__init__": {"executed_lines": [], "summary": {"covered_lines": 0, "num_statements": 9, "percent_covered": 0.0, "percent_covered_display": "0", "missing_lines": 9, "excluded_lines": 0, "num_branches": 6, "num_partial_branches": 0, "covered_branches": 0, "missing_branches": 6}, "missing_lines": [87, 88, 90, 91, 92, 93, 94, 95, 97], "excluded_lines": [], "executed_branches": [], "missing_branches": [[87, 88], [87, 90], [90, 91], [90, 92], [94, 95], [94, 97]]}, "ValueOutOfRangeError.__init__": {"executed_lines": [], "summary": {"covered_lines": 0, "num_statements": 18, "percent_covered": 0.0, "percent_covered_display": "0", "missing_lines": 18, "excluded_lines": 0, "num_branches": 16, "num_partial_branches": 0, "covered_branches": 0, "missing_branches": 16}, "missing_lines": [117, 118, 119, 120, 121, 122, 123, 125, 127, 128, 129, 130, 131, 132, 133, 134, 135, 137], "excluded_lines": [], "executed_branches": [], "missing_branches": [[117, 118], [117, 127], [118, 119], [118, 120], [120, 121], [120, 122], [122, 123], [122, 125], [127, 128], [127, 129], [130, 131], [130, 132], [132, 133], [132, 134], [134, 135], [134, 137]]}, "": {"executed_lines": [1, 3, 5, 7, 10, 11, 13, 33, 34, 36, 51, 52, 54, 75, 76, 78, 104, 105, 107], "summary": {"covered_lines": 13, "num_statements": 13, "percent_covered": 100.0, "percent_covered_display": "100", "missing_lines": 0, "excluded_lines": 0, "num_branches": 0, "num_partial_branches": 0, "covered_branches": 0, "missing_branches": 0}, "missing_lines": [], "excluded_lines": [], "executed_branches": [], "missing_branches": []}}, "classes": {"ValidationError": {"executed_lines": [], "summary": {"covered_lines": 0, "num_statements": 5, "percent_covered": 0.0, "percent_covered_display": "0", "missing_lines": 5, "excluded_lines": 0, "num_branches": 4, "num_partial_branches": 0, "covered_branches": 0, "missing_branches": 4}, "missing_lines": [20, 21, 22, 23, 25], "excluded_lines": [], "executed_branches": [], "missing_branches": [[20, 21], [20, 22], [22, 23], [22, 25]]}, "InvalidInputError": {"executed_lines": [], "summary": {"covered_lines": 0, "num_statements": 1, "percent_covered": 0.0, "percent_covered_display": "0", "missing_lines": 1, "excluded_lines": 0, "num_branches": 0, "num_partial_branches": 0, "covered_branches": 0, "missing_branches": 0}, "missing_lines": [43], "excluded_lines": [], "executed_branches": [], "missing_branches": []}, "MissingRequiredFieldError": {"executed_lines": [], "summary": {"covered_lines": 0, "num_statements": 6, "percent_covered": 0.0, "percent_covered_display": "0", "missing_lines": 6, "excluded_lines": 0, "num_branches": 4, "num_partial_branches": 0, "covered_branches": 0, "missing_branches": 4}, "missing_lines": [61, 62, 64, 65, 66, 68], "excluded_lines": [], "executed_branches": [], "missing_branches": [[61, 62], [61, 64], [64, 65], [64, 66]]}, "InvalidFormatError": {"executed_lines": [], "summary": {"covered_lines": 0, "num_statements": 9, "percent_covered": 0.0, "percent_covered_display": "0", "missing_lines": 9, "excluded_lines": 0, "num_branches": 6, "num_partial_branches": 0, "covered_branches": 0, "missing_branches": 6}, "missing_lines": [87, 88, 90, 91, 92, 93, 94, 95, 97], "excluded_lines": [], "executed_branches": [], "missing_branches": [[87, 88], [87, 90], [90, 91], [90, 92], [94, 95], [94, 97]]}, "ValueOutOfRangeError": {"executed_lines": [], "summary": {"covered_lines": 0, "num_statements": 18, "percent_covered": 0.0, "percent_covered_display": "0", "missing_lines": 18, "excluded_lines": 0, "num_branches": 16, "num_partial_branches": 0, "covered_branches": 0, "missing_branches": 16}, "missing_lines": [117, 118, 119, 120, 121, 122, 123, 125, 127, 128, 129, 130, 131, 132, 133, 134, 135, 137], "excluded_lines": [], "executed_branches": [], "missing_branches": [[117, 118], [117, 127], [118, 119], [118, 120], [120, 121], [120, 122], [122, 123], [122, 125], [127, 128], [127, 129], [130, 131], [130, 132], [132, 133], [132, 134], [134, 135], [134, 137]]}, "": {"executed_lines": [1, 3, 5, 7, 10, 11, 13, 33, 34, 36, 51, 52, 54, 75, 76, 78, 104, 105, 107], "summary": {"covered_lines": 13, "num_statements": 13, "percent_covered": 100.0, "percent_covered_display": "100", "missing_lines": 0, "excluded_lines": 0, "num_branches": 0, "num_partial_branches": 0, "covered_branches": 0, "missing_branches": 0}, "missing_lines": [], "excluded_lines": [], "executed_branches": [], "missing_branches": []}}}, "src/opengovzoning/core/logging/__init__.py": {"executed_lines": [], "summary": {"covered_lines": 0, "num_statements": 0, "percent_covered": 100.0, "percent_covered_display": "100", "missing_lines": 0, "excluded_lines": 0, "num_branches": 0, "num_partial_branches": 0, "covered_branches": 0, "missing_branches": 0}, "missing_lines": [], "excluded_lines": [], "executed_branches": [], "missing_branches": [], "functions": {"": {"executed_lines": [], "summary": {"covered_lines": 0, "num_statements": 0, "percent_covered": 100.0, "percent_covered_display": "100", "missing_lines": 0, "excluded_lines": 0, "num_branches": 0, "num_partial_branches": 0, "covered_branches": 0, "missing_branches": 0}, "missing_lines": [], "excluded_lines": [], "executed_branches": [], "missing_branches": []}}, "classes": {"": {"executed_lines": [], "summary": {"covered_lines": 0, "num_statements": 0, "percent_covered": 100.0, "percent_covered_display": "100", "missing_lines": 0, "excluded_lines": 0, "num_branches": 0, "num_partial_branches": 0, "covered_branches": 0, "missing_branches": 0}, "missing_lines": [], "excluded_lines": [], "executed_branches": [], "missing_branches": []}}}, "src/opengovzoning/core/security/__init__.py": {"executed_lines": [], "summary": {"covered_lines": 0, "num_statements": 0, "percent_covered": 100.0, "percent_covered_display": "100", "missing_lines": 0, "excluded_lines": 0, "num_branches": 0, "num_partial_branches": 0, "covered_branches": 0, "missing_branches": 0}, "missing_lines": [], "excluded_lines": [], "executed_branches": [], "missing_branches": [], "functions": {"": {"executed_lines": [], "summary": {"covered_lines": 0, "num_statements": 0, "percent_covered": 100.0, "percent_covered_display": "100", "missing_lines": 0, "excluded_lines": 0, "num_branches": 0, "num_partial_branches": 0, "covered_branches": 0, "missing_branches": 0}, "missing_lines": [], "excluded_lines": [], "executed_branches": [], "missing_branches": []}}, "classes": {"": {"executed_lines": [], "summary": {"covered_lines": 0, "num_statements": 0, "percent_covered": 100.0, "percent_covered_display": "100", "missing_lines": 0, "excluded_lines": 0, "num_branches": 0, "num_partial_branches": 0, "covered_branches": 0, "missing_branches": 0}, "missing_lines": [], "excluded_lines": [], "executed_branches": [], "missing_branches": []}}}, "src/opengovzoning/domain/__init__.py": {"executed_lines": [], "summary": {"covered_lines": 0, "num_statements": 0, "percent_covered": 100.0, "percent_covered_display": "100", "missing_lines": 0, "excluded_lines": 0, "num_branches": 0, "num_partial_branches": 0, "covered_branches": 0, "missing_branches": 0}, "missing_lines": [], "excluded_lines": [], "executed_branches": [], "missing_branches": [], "functions": {"": {"executed_lines": [], "summary": {"covered_lines": 0, "num_statements": 0, "percent_covered": 100.0, "percent_covered_display": "100", "missing_lines": 0, "excluded_lines": 0, "num_branches": 0, "num_partial_branches": 0, "covered_branches": 0, "missing_branches": 0}, "missing_lines": [], "excluded_lines": [], "executed_branches": [], "missing_branches": []}}, "classes": {"": {"executed_lines": [], "summary": {"covered_lines": 0, "num_statements": 0, "percent_covered": 100.0, "percent_covered_display": "100", "missing_lines": 0, "excluded_lines": 0, "num_branches": 0, "num_partial_branches": 0, "covered_branches": 0, "missing_branches": 0}, "missing_lines": [], "excluded_lines": [], "executed_branches": [], "missing_branches": []}}}, "src/opengovzoning/domain/aggregates/__init__.py": {"executed_lines": [], "summary": {"covered_lines": 0, "num_statements": 0, "percent_covered": 100.0, "percent_covered_display": "100", "missing_lines": 0, "excluded_lines": 0, "num_branches": 0, "num_partial_branches": 0, "covered_branches": 0, "missing_branches": 0}, "missing_lines": [], "excluded_lines": [], "executed_branches": [], "missing_branches": [], "functions": {"": {"executed_lines": [], "summary": {"covered_lines": 0, "num_statements": 0, "percent_covered": 100.0, "percent_covered_display": "100", "missing_lines": 0, "excluded_lines": 0, "num_branches": 0, "num_partial_branches": 0, "covered_branches": 0, "missing_branches": 0}, "missing_lines": [], "excluded_lines": [], "executed_branche
[...]
", "missing_lines": 2, "excluded_lines": 0, "num_branches": 0, "num_partial_branches": 0, "covered_branches": 0, "missing_branches": 0}, "missing_lines": [68, 69], "excluded_lines": [], "executed_branches": [], "missing_branches": []}, "ItemStorage._row_to_item": {"executed_lines": [], "summary": {"covered_lines": 0, "num_statements": 4, "percent_covered": 0.0, "percent_covered_display": "0", "missing_lines": 4, "excluded_lines": 0, "num_branches": 0, "num_partial_branches": 0, "covered_branches": 0, "missing_branches": 0}, "missing_lines": [75, 76, 77, 78], "excluded_lines": [], "executed_branches": [], "missing_branches": []}, "": {"executed_lines": [1, 3, 5, 6, 8, 9, 11, 12, 14, 17, 18, 20, 25, 37, 44, 49, 56, 61, 66, 73], "summary": {"covered_lines": 18, "num_statements": 18, "percent_covered": 100.0, "percent_covered_display": "100", "missing_lines": 0, "excluded_lines": 0, "num_branches": 0, "num_partial_branches": 0, "covered_branches": 0, "missing_branches": 0}, "missing_lines": [], "excluded_lines": [], "executed_branches": [], "missing_branches": []}}, "classes": {"ItemStorage": {"executed_lines": [], "summary": {"covered_lines": 0, "num_statements": 28, "percent_covered": 0.0, "percent_covered_display": "0", "missing_lines": 28, "excluded_lines": 0, "num_branches": 2, "num_partial_branches": 0, "covered_branches": 0, "missing_branches": 2}, "missing_lines": [21, 22, 23, 27, 28, 29, 30, 32, 35, 39, 40, 41, 42, 46, 47, 51, 53, 54, 58, 59, 63, 64, 68, 69, 75, 76, 77, 78], "excluded_lines": [], "executed_branches": [], "missing_branches": [[40, 41], [40, 42]]}, "": {"executed_lines": [1, 3, 5, 6, 8, 9, 11, 12, 14, 17, 18, 20, 25, 37, 44, 49, 56, 61, 66, 73], "summary": {"covered_lines": 18, "num_statements": 18, "percent_covered": 100.0, "percent_covered_display": "100", "missing_lines": 0, "excluded_lines": 0, "num_branches": 0, "num_partial_branches": 0, "covered_branches": 0, "missing_branches": 0}, "missing_lines": [], "excluded_lines": [], "executed_branches": [], "missing_branches": []}}}, "src/opengovzoning/utils/__init__.py": {"executed_lines": [], "summary": {"covered_lines": 0, "num_statements": 0, "percent_covered": 100.0, "percent_covered_display": "100", "missing_lines": 0, "excluded_lines": 0, "num_branches": 0, "num_partial_branches": 0, "covered_branches": 0, "missing_branches": 0}, "missing_lines": [], "excluded_lines": [], "executed_branches": [], "missing_branches": [], "functions": {"": {"executed_lines": [], "summary": {"covered_lines": 0, "num_statements": 0, "percent_covered": 100.0, "percent_covered_display": "100", "missing_lines": 0, "excluded_lines": 0, "num_branches": 0, "num_partial_branches": 0, "covered_branches": 0, "missing_branches": 0}, "missing_lines": [], "excluded_lines": [], "executed_branches": [], "missing_branches": []}}, "classes": {"": {"executed_lines": [], "summary": {"covered_lines": 0, "num_statements": 0, "percent_covered": 100.0, "percent_covered_display": "100", "missing_lines": 0, "excluded_lines": 0, "num_branches": 0, "num_partial_branches": 0, "covered_branches": 0, "missing_branches": 0}, "missing_lines": [], "excluded_lines": [], "executed_branches": [], "missing_branches": []}}}, "src/opengovzoning/utils/__pycache__/__init__.py": {"executed_lines": [], "summary": {"covered_lines": 0, "num_statements": 0, "percent_covered": 100.0, "percent_covered_display": "100", "missing_lines": 0, "excluded_lines": 0, "num_branches": 0, "num_partial_branches": 0, "covered_branches": 0, "missing_branches": 0}, "missing_lines": [], "excluded_lines": [], "executed_branches": [], "missing_branches": [], "functions": {"": {"executed_lines": [], "summary": {"covered_lines": 0, "num_statements": 0, "percent_covered": 100.0, "percent_covered_display": "100", "missing_lines": 0, "excluded_lines": 0, "num_branches": 0, "num_partial_branches": 0, "covered_branches": 0, "missing_branches": 0}, "missing_lines": [], "excluded_lines": [], "executed_branches": [], "missing_branches": []}}, "classes": {"": {"executed_lines": [], "summary": {"covered_lines": 0, "num_statements": 0, "percent_covered": 100.0, "percent_covered_display": "100", "missing_lines": 0, "excluded_lines": 0, "num_branches": 0, "num_partial_branches": 0, "covered_branches": 0, "missing_branches": 0}, "missing_lines": [], "excluded_lines": [], "executed_branches": [], "missing_branches": []}}}, "src/opengovzoning/utils/logging.py": {"executed_lines": [], "summary": {"covered_lines": 0, "num_statements": 23, "percent_covered": 0.0, "percent_covered_display": "0", "missing_lines": 23, "excluded_lines": 0, "num_branches": 2, "num_partial_branches": 0, "covered_branches": 0, "missing_branches": 2}, "missing_lines": [3, 4, 5, 7, 10, 12, 13, 15, 18, 25, 34, 43, 45, 48, 51, 52, 53, 54, 56, 57, 58, 60, 61], "excluded_lines": [], "executed_branches": [], "missing_branches": [[12, 13], [12, 15]], "functions": {"configure_logging": {"executed_lines": [], "summary": {"covered_lines": 0, "num_statements": 6, "percent_covered": 0.0, "percent_covered_display": "0", "missing_lines": 6, "excluded_lines": 0, "num_branches": 2, "num_partial_branches": 0, "covered_branches": 0, "missing_branches": 2}, "missing_lines": [12, 13, 15, 18, 25, 34], "excluded_lines": [], "executed_branches": [], "missing_branches": [[12, 13], [12, 15]]}, "get_logger": {"executed_lines": [], "summary": {"covered_lines": 0, "num_statements": 1, "percent_covered": 0.0, "percent_covered_display": "0", "missing_lines": 1, "excluded_lines": 0, "num_branches": 0, "num_partial_branches": 0, "covered_branches": 0, "missing_branches": 0}, "missing_lines": [45], "excluded_lines": [], "executed_branches": [], "missing_branches": []}, "LogContext.__init__": {"executed_lines": [], "summary": {"covered_lines": 0, "num_statements": 3, "percent_covered": 0.0, "percent_covered_display": "0", "missing_lines": 3, "excluded_lines": 0, "num_branches": 0, "num_partial_branches": 0, "covered_branches": 0, "missing_branches": 0}, "missing_lines": [52, 53, 54], "excluded_lines": [], "executed_branches": [], "missing_branches": []}, "LogContext.__enter__": {"executed_lines": [], "summary": {"covered_lines": 0, "num_statements": 2, "percent_covered": 0.0, "percent_covered_display": "0", "missing_lines": 2, "excluded_lines": 0, "num_branches": 0, "num_partial_branches": 0, "covered_branches": 0, "missing_branches": 0}, "missing_lines": [57, 58], "excluded_lines": [], "executed_branches": [], "missing_branches": []}, "LogContext.__exit__": {"executed_lines": [], "summary": {"covered_lines": 0, "num_statements": 1, "percent_covered": 0.0, "percent_covered_display": "0", "missing_lines": 1, "excluded_lines": 0, "num_branches": 0, "num_partial_branches": 0, "covered_branches": 0, "missing_branches": 0}, "missing_lines": [61], "excluded_lines": [], "executed_branches": [], "missing_branches": []}, "": {"executed_lines": [], "summary": {"covered_lines": 0, "num_statements": 10, "percent_covered": 0.0, "percent_covered_display": "0", "missing_lines": 10, "excluded_lines": 0, "num_branches": 0, "num_partial_branches": 0, "covered_branches": 0, "missing_branches": 0}, "missing_lines": [3, 4, 5, 7, 10, 43, 48, 51, 56, 60], "excluded_lines": [], "executed_branches": [], "missing_branches": []}}, "classes": {"LogContext": {"executed_lines": [], "summary": {"covered_lines": 0, "num_statements": 6, "percent_covered": 0.0, "percent_covered_display": "0", "missing_lines": 6, "excluded_lines": 0, "num_branches": 0, "num_partial_branches": 0, "covered_branches": 0, "missing_branches": 0}, "missing_lines": [52, 53, 54, 57, 58, 61], "excluded_lines": [], "executed_branches": [], "missing_branches": []}, "": {"executed_lines": [], "summary": {"covered_lines": 0, "num_statements": 17, "percent_covered": 0.0, "percent_covered_display": "0", "missing_lines": 17, "excluded_lines": 0, "num_branches": 2, "num_partial_branches": 0, "covered_branches": 0, "missing_branches": 2}, "missing_lines": [3, 4, 5, 7, 10, 12, 13, 15, 18, 25, 34, 43, 45, 48, 51, 56, 60], "excluded_lines": [], "executed_branches": [], "missing_branches": [[12, 13], [12, 15]]}}}, "src/opengovzoning/web/__init__.py": {"executed_lines": [1], "summary": {"covered_lines": 0, "num_statements": 0, "percent_covered": 100.0, "percent_covered_display": "100", "missing_lines": 0, "excluded_lines": 0, "num_branches": 0, "num_partial_branches": 0, "covered_branches": 0, "missing_branches": 0}, "missing_lines": [], "excluded_lines": [], "executed_branches": [], "missing_branches": [], "functions": {"": {"executed_lines": [1], "summary": {"covered_lines": 0, "num_statements": 0, "percent_covered": 100.0, "percent_covered_display": "100", "missing_lines": 0, "excluded_lines": 0, "num_branches": 0, "num_partial_branches": 0, "covered_branches": 0, "missing_branches": 0}, "missing_lines": [], "excluded_lines": [], "executed_branches": [], "missing_branches": []}}, "classes": {"": {"executed_lines": [1], "summary": {"covered_lines": 0, "num_statements": 0, "percent_covered": 100.0, "percent_covered_display": "100", "missing_lines": 0, "excluded_lines": 0, "num_branches": 0, "num_partial_branches": 0, "covered_branches": 0, "missing_branches": 0}, "missing_lines": [], "excluded_lines": [], "executed_branches": [], "missing_branches": []}}}, "src/opengovzoning/web/__pycache__/__init__.py": {"executed_lines": [], "summary": {"covered_lines": 0, "num_statements": 0, "percent_covered": 100.0, "percent_covered_display": "100", "missing_lines": 0, "excluded_lines": 0, "num_branches": 0, "num_partial_branches": 0, "covered_branches": 0, "missing_branches": 0}, "missing_lines": [], "excluded_lines": [], "executed_branches": [], "missing_branches": [], "functions": {"": {"executed_lines": [], "summary": {"covered_lines": 0, "num_statements": 0, "percent_covered": 100.0, "percent_covered_display": "100", "missing_lines": 0, "excluded_lines": 0, "num_branches": 0, "num_partial_branches": 0, "covered_branches": 0, "missing_branches": 0}, "missing_lines": [], "excluded_lines": [], "executed_branches": [], "missing_branches": []}}, "classes": {"": {"executed_lines": [], "summary": {"covered_lines": 0, "num_statements": 0, "percent_covered": 100.0, "percent_covered_display": "100", "missing_lines": 0, "excluded_lines": 0, "num_branches": 0, "num_partial_branches": 0, "covered_branches": 0, "missing_branches": 0}, "missing_lines": [], "excluded_lines": [], "executed_branches": [], "missing_branches": []}}}, "src/opengovzoning/web/app.py": {"executed_lines": [1, 3, 4, 6, 7, 8, 9, 10, 12, 13, 14, 15, 19, 20, 21, 23, 24, 25, 26, 28, 29, 30, 32, 33, 34, 35, 39, 40, 43, 44, 46, 48, 56, 65, 66, 68, 71, 77, 78, 80, 88, 89, 91, 97, 98, 110, 111, 131, 132, 147, 148, 169, 170, 185, 186, 205, 206, 210, 212, 223], "summary": {"covered_lines": 58, "num_statements": 110, "percent_covered": 50.0, "percent_covered_display": "50", "missing_lines": 52, "excluded_lines": 3, "num_branches": 6, "num_partial_branches": 0, "covered_branches": 0, "missing_branches": 6}, "missing_lines": [69, 72, 104, 105, 106, 107, 108, 116, 117, 118, 119, 122, 126, 127, 128, 129, 137, 138, 139, 140, 141, 142, 143, 144, 145, 154, 155, 160, 161, 162, 163, 164, 165, 166, 167, 175, 176, 177, 178, 179, 180, 181, 182, 183, 191, 192, 193, 197, 202, 203, 218, 219], "excluded_lines": [223, 224, 225], "executed_branches": [], "missing_branches": [[139, 140], [139, 141], [161, 162], [161, 163], [177, 178], [177, 179]], "functions": {"lifespan": {"executed_lines": [43, 44, 46], "summary": {"covered_lines": 3, "num_statements": 3, "percent_covered": 100.0, "percent_covered_display": "100", "missing_lines": 0, "excluded_lines": 0, "num_branches": 0, "num_partial_branches": 0, "covered_branches": 0, "missing_branches": 0}, "missing_lines": [], "excluded_lines": [], "executed_branches": [], "missing_branches": []}, "get_db_manager": {"executed_lines": [66], "summary": {"covered_lines": 1, "num_statements": 1, "percent_covered": 100.0, "percent_covered_display": "100", "missing_lines": 0, "excluded_lines": 0, "num_branches": 0, "num_partial_branches": 0, "covered_branches": 0, "missing_branches": 0}, "missing_lines": [], "excluded_lines": [], "executed_branches": [], "missing_branches": []}, "get_item_storage": {"executed_lines": [], "summary": {"covered_lines": 0, "num_statements": 1, "percent_covered": 0.0, "percent_covered_display": "0", "missing_lines": 1, "excluded_lines": 0, "num_branches": 0, "num_partial_branches": 0, "covered_branches": 0, "missing_branches": 0}, "missing_lines": [69], "excluded_lines": [], "executed_branches": [], "missing_branches": []}, "get_agent_service": {"executed_lines": [], "summary": {"covered_lines": 0, "num_statements": 1, "percent_covered": 0.0, "percent_covered_display": "0", "missing_lines": 1, "excluded_lines": 0, "num_branches": 0, "num_partial_branches": 0, "covered_branches": 0, "missing_branches": 0}, "missing_lines": [72], "excluded_lines": [], "executed_branches": [], "missing_branches": []}, "root": {"executed_lines": [80], "summary": {"covered_lines": 1, "num_statements": 1, "percent_covered": 100.0, "percent_covered_display": "100", "missing_lines": 0, "excluded_lines": 0, "num_branches": 0, "num_partial_branches": 0, "covered_branches": 0, "missing_branches": 0}, "missing_lines": [], "excluded_lines": [], "executed_branches": [], "missing_branches": []}, "health_check": {"executed_lines": [91], "summary": {"covered_lines": 1, "num_statements": 1, "percent_covered": 100.0, "percent_covered_display": "100", "missing_lines": 0, "excluded_lines": 0, "num_branches": 0, "num_partial_branches": 0, "covered_branches": 0, "missing_branches": 0}, "missing_lines": [], "excluded_lines": [], "executed_branches": [], "missing_branches": []}, "list_items": {"executed_lines": [], "summary": {"covered_lines": 0, "num_statements": 5, "percent_covered": 0.0, "percent_covered_display": "0", "missing_lines": 5, "excluded_lines": 0, "num_branches": 0, "num_partial_branches": 0, "covered_branches": 0, "missing_branches": 0}, "missing_lines": [104, 105, 106, 107, 108], "excluded_lines": [], "executed_branches": [], "missing_branches": []}, "create_item": {"executed_lines": [], "summary": {"covered_lines": 0, "num_statements": 9, "percent_covered": 0.0, "percent_covered_display": "0", "missing_lines": 9, "excluded_lines": 0, "num_branches": 0, "num_partial_branches": 0, "covered_branches": 0, "missing_branches": 0}, "missing_lines": [116, 117, 118, 119, 122, 126, 127, 128, 129], "excluded_lines": [], "executed_branches": [], "missing_branches": []}, "get_item": {"executed_lines": [], "summary": {"covered_lines": 0, "num_statements": 9, "percent_covered": 0.0, "percent_covered_display": "0", "missing_lines": 9, "excluded_lines": 0, "num_branches": 2, "num_partial_branches": 0, "covered_branches": 0, "missing_branches": 2}, "missing_lines": [137, 138, 139, 140, 141, 142, 143, 144, 145], "excluded_lines": [], "executed_branches": [], "missing_branches": [[139, 140], [139, 141]]}, "update_item": {"executed_lines": [], "summary": {"covered_lines": 0, "num_statements": 10, "percent_covered": 0.0, "percent_covered_display": "0", "missing_lines": 10, "excluded_lines": 0, "num_branches": 2, "num_partial_branches": 0, "covered_branches": 0, "missing_branches": 2}, "missing_lines": [154, 155, 160, 161, 162, 163, 164, 165, 166, 167], "excluded_lines": [], "executed_branches": [], "missing_branches": [[161, 162], [161, 163]]}, "delete_item": {"executed_lines": [], "summary": {"covered_lines": 0, "num_statements": 9, "percent_covered": 0.0, "percent_covered_display": "0", "missing_lines": 9, "excluded_lines": 0, "num_branches": 2, "num_partial_branches": 0, "covered_branches": 0, "missing_branches": 2}, "missing_lines": [175, 176, 177, 178, 179, 180, 181, 182, 183], "excluded_lines": [], "executed_branches": [], "missing_branches": [[177, 178], [177, 179]]}, "run_analysis": {"executed_lines": [], "summary": {"covered_lines": 0, "num_statements": 6, "percent_covered": 0.0, "percent_covered_display": "0", "missing_lines": 6, "excluded_lines": 0, "num_branches": 0, "num_partial_branches": 0, "covered_branches": 0, "missing_branches": 0}, "missing_lines": [191, 192, 193, 197, 202, 203], "excluded_lines": [], "executed_branches": [], "missing_branches": []}, "get_stats": {"executed_lines": [210, 212], "summary": {"covered_lines": 2, "num_statements": 4, "percent_covered": 50.0, "percent_covered_display": "50", "missing_lines": 2, "excluded_lines": 0, "num_branches": 0, "num_partial_branches": 0, "covered_branches": 0, "missing_branches": 0}, "missing_lines": [218, 219], "excluded_lines": [], "executed_branches": [], "missing_branches": []}, "": {"executed_lines": [1, 3, 4, 6, 7, 8, 9, 10, 12, 13, 14, 15, 19, 20, 21, 23, 24, 25, 26, 28, 29, 30, 32, 33, 34, 35, 39, 40, 48, 56, 65, 68, 71, 77, 78, 88, 89, 97, 98, 110, 111, 131, 132, 147, 148, 169, 170, 185, 186, 205, 206, 223], "summary": {"covered_lines": 50, "num_statements": 50, "percent_covered": 100.0, "percent_covered_display": "100", "missing_lines": 0, "excluded_lines": 3, "num_branches": 0, "num_partial_branches": 0, "covered_branches": 0, "missing_branches": 0}, "missing_lines": [], "excluded_lines": [223, 224, 225], "executed_branches": [], "missing_branches": []}}, "classes": {"ItemCreate": {"executed_lines": [], "summary": {"covered_lines": 0, "num_statements": 0, "percent_covered": 100.0, "percent_covered_display": "100", "missing_lines": 0, "excluded_lines": 0, "num_branches": 0, "num_partial_branches": 0, "covered_branches": 0, "missing_branches": 0}, "missing_lines": [], "excluded_lines": [], "executed_branches": [], "missing_branches": []}, "Item": {"executed_lines": [], "summary": {"covered_lines": 0, "num_statements": 0, "percent_covered": 100.0, "percent_covered_display": "100", "missing_lines": 0, "excluded_lines": 0, "num_branches": 0, "num_partial_branches": 0, "covered_branches": 0, "missing_branches": 0}, "missing_lines": [], "excluded_lines": [], "executed_branches": [], "missing_branches": []}, "AnalysisRequest": {"executed_lines": [], "summary": {"covered_lines": 0, "num_statements": 0, "percent_covered": 100.0, "percent_covered_display": "100", "missing_lines": 0, "excluded_lines": 0, "num_branches": 0, "num_partial_branches": 0, "covered_branches": 0, "missing_branches": 0}, "missing_lines": [], "excluded_lines": [], "executed_branches": [], "missing_branches": []}, "AnalysisResponse": {"executed_lines": [], "summary": {"covered_lines": 0, "num_statements": 0, "percent_covered": 100.0, "percent_covered_display": "100", "missing_lines": 0, "excluded_lines": 0, "num_branches": 0, "num_partial_branches": 0, "covered_branches": 0, "missing_branches": 0}, "missing_lines": [], "excluded_lines": [], "executed_branches": [], "missing_branches": []}, "": {"executed_lines": [1, 3, 4, 6, 7, 8, 9, 10, 12, 13, 14, 15, 19, 20, 21, 23, 24, 25, 26, 28, 29, 30, 32, 33, 34, 35, 39, 40, 43, 44, 46, 48, 56, 65, 66, 68, 71, 77, 78, 80, 88, 89, 91, 97, 98, 110, 111, 131, 132, 147, 148, 169, 170, 185, 186, 205, 206, 210, 212, 223], "summary": {"covered_lines": 58, "num_statements": 110, "percent_covered": 50.0, "percent_covered_display": "50", "missing_lines": 52, "excluded_lines": 3, "num_branches": 6, "num_partial_branches": 0, "covered_branches": 0, "missing_branches": 6}, "missing_lines": [69, 72, 104, 105, 106, 107, 108, 116, 117, 118, 119, 122, 126, 127, 128, 129, 137, 138, 139, 140, 141, 142, 143, 144, 145, 154, 155, 160, 161, 162, 163, 164, 165, 166, 167, 175, 176, 177, 178, 179, 180, 181, 182, 183, 191, 192, 193, 197, 202, 203, 218, 219], "excluded_lines": [223, 224, 225], "executed_branches": [], "missing_branches": [[139, 140], [139, 141], [161, 162], [161, 163], [177, 178], [177, 179]]}}}}, "totals": {"covered_lines": 507, "num_statements": 1981, "percent_covered": 22.088525999140526, "percent_covered_display": "22", "missing_lines": 1474, "excluded_lines": 5, "num_branches": 346, "num_partial_branches": 5, "covered_branches": 7, "missing_branches": 339}}